[ Jun 05 2004 17:44:11 ] [warning] Bad admin login: admin1 from IP: 24.0.66.2
[ Jun 05 2004 17:44:24 ] [notice] Admin login: admin from IP: 24.0.66.2
[ Jun 05 2004 17:46:06 ] [notice] <b>Template Error:</b> loadfile: path_item_tpl is not a valid handle.<br>

[ Jun 05 2004 17:46:06 ] [notice] <b>Template Error:</b> subst: unable to load path_item_tpl.<br>

[ Jun 18 2004 18:50:53 ] [notice] Admin login: admin from IP: 24.0.66.2
[ Jun 18 2004 19:32:31 ] [notice] <b>Template Error:</b> loadfile: path_item_tpl is not a valid handle.<br>

[ Jun 18 2004 19:32:31 ] [notice] <b>Template Error:</b> subst: unable to load path_item_tpl.<br>

[ Jun 18 2004 19:33:19 ] [notice] <b>Template Error:</b> loadfile: path_item_tpl is not a valid handle.<br>

[ Jun 18 2004 19:33:19 ] [notice] <b>Template Error:</b> subst: unable to load path_item_tpl.<br>

[ Jun 18 2004 19:34:31 ] [notice] <b>Template Error:</b> loadfile: path_item_tpl is not a valid handle.<br>

[ Jun 18 2004 19:34:31 ] [notice] <b>Template Error:</b> subst: unable to load path_item_tpl.<br>

[ Jun 18 2004 19:35:06 ] [notice] <b>Template Error:</b> loadfile: path_item_tpl is not a valid handle.<br>

[ Jun 18 2004 19:35:06 ] [notice] <b>Template Error:</b> subst: unable to load path_item_tpl.<br>

[ Jun 18 2004 19:37:23 ] [notice] <b>Template Error:</b> loadfile: path_item_tpl is not a valid handle.<br>

[ Jun 18 2004 19:37:23 ] [notice] <b>Template Error:</b> subst: unable to load path_item_tpl.<br>

[ Jun 18 2004 19:38:45 ] [notice] <b>Template Error:</b> loadfile: path_item_tpl is not a valid handle.<br>

[ Jun 18 2004 19:38:45 ] [notice] <b>Template Error:</b> subst: unable to load path_item_tpl.<br>

[ Jun 18 2004 19:39:10 ] [notice] <b>Template Error:</b> loadfile: path_item_tpl is not a valid handle.<br>

[ Jun 18 2004 19:39:10 ] [notice] <b>Template Error:</b> subst: unable to load path_item_tpl.<br>

[ Jun 18 2004 19:39:23 ] [notice] <b>Template Error:</b> loadfile: header_item_tpl is not a valid handle.<br>

[ Jun 18 2004 19:39:23 ] [notice] <b>Template Error:</b> subst: unable to load header_item_tpl.<br>

[ Jun 18 2004 19:39:23 ] [notice] <b>Template Error:</b> loadfile: header_item_tpl is not a valid handle.<br>

[ Jun 18 2004 19:39:23 ] [notice] <b>Template Error:</b> subst: unable to load header_item_tpl.<br>

[ Jun 18 2004 19:39:23 ] [notice] <b>Template Error:</b> loadfile: latest_headline_tpl is not a valid handle.<br>

[ Jun 18 2004 19:39:23 ] [notice] <b>Template Error:</b> subst: unable to load latest_headline_tpl.<br>

[ Jun 18 2004 19:39:23 ] [notice] <b>Template Error:</b> loadfile: header_item_tpl is not a valid handle.<br>

[ Jun 18 2004 19:39:23 ] [notice] <b>Template Error:</b> subst: unable to load header_item_tpl.<br>

[ Jun 18 2004 19:39:23 ] [notice] <b>Template Error:</b> loadfile: rfp_date_tpl is not a valid handle.<br>

[ Jun 18 2004 19:39:23 ] [notice] <b>Template Error:</b> subst: unable to load rfp_date_tpl.<br>

[ Jun 18 2004 19:39:24 ] [notice] <b>Template Error:</b> loadfile: rfp_date_tpl is not a valid handle.<br>

[ Jun 18 2004 19:39:24 ] [notice] <b>Template Error:</b> subst: unable to load rfp_date_tpl.<br>

[ Jun 18 2004 19:39:24 ] [notice] <b>Template Error:</b> loadfile: rfp_date_tpl is not a valid handle.<br>

[ Jun 18 2004 19:39:24 ] [notice] <b>Template Error:</b> subst: unable to load rfp_date_tpl.<br>

[ Jun 18 2004 19:40:22 ] [notice] <b>Template Error:</b> loadfile: path_item_tpl is not a valid handle.<br>

[ Jun 18 2004 19:40:22 ] [notice] <b>Template Error:</b> subst: unable to load path_item_tpl.<br>

[ Jun 18 2004 19:41:53 ] [notice] <b>Template Error:</b> loadfile: path_item_tpl is not a valid handle.<br>

[ Jun 18 2004 19:41:53 ] [notice] <b>Template Error:</b> subst: unable to load path_item_tpl.<br>

[ Jun 18 2004 19:42:39 ] [notice] <b>Template Error:</b> loadfile: path_item_tpl is not a valid handle.<br>

[ Jun 18 2004 19:42:39 ] [notice] <b>Template Error:</b> subst: unable to load path_item_tpl.<br>

[ Jun 18 2004 19:55:49 ] [notice] <b>Template Error:</b> loadfile: header_item_tpl is not a valid handle.<br>

[ Jun 18 2004 19:55:49 ] [notice] <b>Template Error:</b> subst: unable to load header_item_tpl.<br>

[ Jun 18 2004 19:55:49 ] [notice] <b>Template Error:</b> loadfile: header_item_tpl is not a valid handle.<br>

[ Jun 18 2004 19:55:49 ] [notice] <b>Template Error:</b> subst: unable to load header_item_tpl.<br>

[ Jun 18 2004 19:55:49 ] [notice] <b>Template Error:</b> loadfile: latest_headline_tpl is not a valid handle.<br>

[ Jun 18 2004 19:55:49 ] [notice] <b>Template Error:</b> subst: unable to load latest_headline_tpl.<br>

[ Jun 18 2004 19:55:49 ] [notice] <b>Template Error:</b> loadfile: header_item_tpl is not a valid handle.<br>

[ Jun 18 2004 19:55:49 ] [notice] <b>Template Error:</b> subst: unable to load header_item_tpl.<br>

[ Jun 18 2004 19:55:49 ] [notice] <b>Template Error:</b> loadfile: rfp_date_tpl is not a valid handle.<br>

[ Jun 18 2004 19:55:49 ] [notice] <b>Template Error:</b> subst: unable to load rfp_date_tpl.<br>

[ Jun 18 2004 19:55:49 ] [notice] <b>Template Error:</b> loadfile: rfp_date_tpl is not a valid handle.<br>

[ Jun 18 2004 19:55:49 ] [notice] <b>Template Error:</b> subst: unable to load rfp_date_tpl.<br>

[ Jun 18 2004 19:55:49 ] [notice] <b>Template Error:</b> loadfile: rfp_date_tpl is not a valid handle.<br>

[ Jun 18 2004 19:55:49 ] [notice] <b>Template Error:</b> subst: unable to load rfp_date_tpl.<br>

[ Jun 19 2004 01:18:50 ] [notice] <b>Template Error:</b> loadfile: header_item_tpl is not a valid handle.<br>

[ Jun 19 2004 01:18:50 ] [notice] <b>Template Error:</b> subst: unable to load header_item_tpl.<br>

[ Jun 19 2004 01:18:50 ] [notice] <b>Template Error:</b> loadfile: header_item_tpl is not a valid handle.<br>

[ Jun 19 2004 01:18:50 ] [notice] <b>Template Error:</b> subst: unable to load header_item_tpl.<br>

[ Jun 19 2004 01:18:50 ] [notice] <b>Template Error:</b> loadfile: category_headline_tpl is not a valid handle.<br>

[ Jun 19 2004 01:18:50 ] [notice] <b>Template Error:</b> subst: unable to load category_headline_tpl.<br>

[ Jun 19 2004 01:18:50 ] [notice] <b>Template Error:</b> loadfile: header_item_tpl is not a valid handle.<br>

[ Jun 19 2004 01:18:50 ] [notice] <b>Template Error:</b> subst: unable to load header_item_tpl.<br>

[ Jun 20 2004 01:50:08 ] [notice] <b>Template Error:</b> loadfile: header_item_tpl is not a valid handle.<br>

[ Jun 20 2004 01:50:08 ] [notice] <b>Template Error:</b> subst: unable to load header_item_tpl.<br>

[ Jun 20 2004 01:50:08 ] [notice] <b>Template Error:</b> loadfile: header_item_tpl is not a valid handle.<br>

[ Jun 20 2004 01:50:08 ] [notice] <b>Template Error:</b> subst: unable to load header_item_tpl.<br>

[ Jun 20 2004 01:50:08 ] [notice] <b>Template Error:</b> loadfile: category_headline_tpl is not a valid handle.<br>

[ Jun 20 2004 01:50:08 ] [notice] <b>Template Error:</b> subst: unable to load category_headline_tpl.<br>

[ Jun 20 2004 01:50:08 ] [notice] <b>Template Error:</b> loadfile: header_item_tpl is not a valid handle.<br>

[ Jun 20 2004 01:50:08 ] [notice] <b>Template Error:</b> subst: unable to load header_item_tpl.<br>

[ Jun 20 2004 02:00:18 ] [warning] Bad login: bcc1 from IP: 24.0.66.2
[ Jun 20 2004 02:06:30 ] [notice] <b>Template Error:</b> loadfile: image_list_tpl is not a valid handle.<br>

[ Jun 20 2004 02:06:30 ] [notice] <b>Template Error:</b> subst: unable to load image_list_tpl.<br>

[ Jun 20 2004 02:06:30 ] [notice] <b>Template Error:</b> loadfile: attribute_list_tpl is not a valid handle.<br>

[ Jun 20 2004 02:06:30 ] [notice] <b>Template Error:</b> subst: unable to load attribute_list_tpl.<br>

[ Jun 20 2004 02:06:30 ] [notice] <b>Template Error:</b> loadfile: type_item_tpl is not a valid handle.<br>

[ Jun 20 2004 02:06:30 ] [notice] <b>Template Error:</b> subst: unable to load type_item_tpl.<br>

[ Jun 20 2004 02:06:30 ] [notice] <b>Template Error:</b> loadfile: image_list_tpl is not a valid handle.<br>

[ Jun 20 2004 02:06:30 ] [notice] <b>Template Error:</b> subst: unable to load image_list_tpl.<br>

[ Jun 20 2004 02:06:30 ] [notice] <b>Template Error:</b> loadfile: print_page_link_tpl is not a valid handle.<br>

[ Jun 20 2004 02:06:30 ] [notice] <b>Template Error:</b> subst: unable to load print_page_link_tpl.<br>

[ Jun 20 2004 18:22:52 ] [notice] <b>Template Error:</b> loadfile: path_item_tpl is not a valid handle.<br>

[ Jun 20 2004 18:22:52 ] [notice] <b>Template Error:</b> subst: unable to load path_item_tpl.<br>

[ Aug 15 2004 15:30:13 ] [warning] Max limit reached: admin from IP: 24.0.66.2
[ Oct 07 2004 08:23:58 ] [notice] <b>Template Error:</b> loadfile: image_list_tpl is not a valid handle.<br>

[ Oct 07 2004 08:23:58 ] [notice] <b>Template Error:</b> subst: unable to load image_list_tpl.<br>

[ Oct 07 2004 08:23:58 ] [notice] <b>Template Error:</b> loadfile: attribute_list_tpl is not a valid handle.<br>

[ Oct 07 2004 08:23:58 ] [notice] <b>Template Error:</b> subst: unable to load attribute_list_tpl.<br>

[ Oct 07 2004 08:23:58 ] [notice] <b>Template Error:</b> loadfile: type_item_tpl is not a valid handle.<br>

[ Oct 07 2004 08:23:58 ] [notice] <b>Template Error:</b> subst: unable to load type_item_tpl.<br>

[ Oct 07 2004 08:23:58 ] [notice] <b>Template Error:</b> loadfile: image_list_tpl is not a valid handle.<br>

[ Oct 07 2004 08:23:58 ] [notice] <b>Template Error:</b> subst: unable to load image_list_tpl.<br>

[ Oct 07 2004 08:23:58 ] [notice] <b>Template Error:</b> loadfile: print_page_link_tpl is not a valid handle.<br>

[ Oct 07 2004 08:23:58 ] [notice] <b>Template Error:</b> subst: unable to load print_page_link_tpl.<br>

[ Oct 07 2004 19:06:46 ] [notice] <b>Template Error:</b> loadfile: header_item_tpl is not a valid handle.<br>

[ Oct 07 2004 19:06:46 ] [notice] <b>Template Error:</b> subst: unable to load header_item_tpl.<br>

[ Oct 07 2004 19:06:46 ] [notice] <b>Template Error:</b> loadfile: header_item_tpl is not a valid handle.<br>

[ Oct 07 2004 19:06:46 ] [notice] <b>Template Error:</b> subst: unable to load header_item_tpl.<br>

[ Oct 07 2004 19:06:46 ] [notice] <b>Template Error:</b> loadfile: category_headline_tpl is not a valid handle.<br>

[ Oct 07 2004 19:06:46 ] [notice] <b>Template Error:</b> subst: unable to load category_headline_tpl.<br>

[ Oct 07 2004 19:06:46 ] [notice] <b>Template Error:</b> loadfile: header_item_tpl is not a valid handle.<br>

[ Oct 07 2004 19:06:46 ] [notice] <b>Template Error:</b> subst: unable to load header_item_tpl.<br>

[ Oct 07 2004 19:06:46 ] [notice] <b>Template Error:</b> loadfile: rfp_date_tpl is not a valid handle.<br>

[ Oct 07 2004 19:06:46 ] [notice] <b>Template Error:</b> subst: unable to load rfp_date_tpl.<br>

[ Oct 07 2004 19:06:48 ] [notice] <b>Template Error:</b> loadfile: image_list_tpl is not a valid handle.<br>

[ Oct 07 2004 19:06:48 ] [notice] <b>Template Error:</b> subst: unable to load image_list_tpl.<br>

[ Oct 07 2004 19:06:48 ] [notice] <b>Template Error:</b> loadfile: attribute_list_tpl is not a valid handle.<br>

[ Oct 07 2004 19:06:48 ] [notice] <b>Template Error:</b> subst: unable to load attribute_list_tpl.<br>

[ Oct 07 2004 19:06:48 ] [notice] <b>Template Error:</b> loadfile: type_item_tpl is not a valid handle.<br>

[ Oct 07 2004 19:06:48 ] [notice] <b>Template Error:</b> subst: unable to load type_item_tpl.<br>

[ Oct 07 2004 19:06:48 ] [notice] <b>Template Error:</b> loadfile: image_list_tpl is not a valid handle.<br>

[ Oct 07 2004 19:06:48 ] [notice] <b>Template Error:</b> subst: unable to load image_list_tpl.<br>

[ Oct 07 2004 19:06:48 ] [notice] <b>Template Error:</b> loadfile: print_page_link_tpl is not a valid handle.<br>

[ Oct 07 2004 19:06:48 ] [notice] <b>Template Error:</b> subst: unable to load print_page_link_tpl.<br>

[ Oct 07 2004 19:23:55 ] [notice] <b>Template Error:</b> loadfile: header_item_tpl is not a valid handle.<br>

[ Oct 07 2004 19:23:55 ] [notice] <b>Template Error:</b> subst: unable to load header_item_tpl.<br>

[ Oct 07 2004 19:23:55 ] [notice] <b>Template Error:</b> loadfile: header_item_tpl is not a valid handle.<br>

[ Oct 07 2004 19:23:55 ] [notice] <b>Template Error:</b> subst: unable to load header_item_tpl.<br>

[ Oct 07 2004 19:23:55 ] [notice] <b>Template Error:</b> loadfile: category_headline_tpl is not a valid handle.<br>

[ Oct 07 2004 19:23:55 ] [notice] <b>Template Error:</b> subst: unable to load category_headline_tpl.<br>

[ Oct 07 2004 19:23:55 ] [notice] <b>Template Error:</b> loadfile: header_item_tpl is not a valid handle.<br>

[ Oct 07 2004 19:23:55 ] [notice] <b>Template Error:</b> subst: unable to load header_item_tpl.<br>

[ Oct 07 2004 19:23:55 ] [notice] <b>Template Error:</b> loadfile: rfp_date_tpl is not a valid handle.<br>

[ Oct 07 2004 19:23:55 ] [notice] <b>Template Error:</b> subst: unable to load rfp_date_tpl.<br>

[ Oct 08 2004 21:45:08 ] [notice] <b>Template Error:</b> loadfile: image_list_tpl is not a valid handle.<br>

[ Oct 08 2004 21:45:08 ] [notice] <b>Template Error:</b> subst: unable to load image_list_tpl.<br>

[ Oct 08 2004 21:45:08 ] [notice] <b>Template Error:</b> loadfile: attribute_list_tpl is not a valid handle.<br>

[ Oct 08 2004 21:45:08 ] [notice] <b>Template Error:</b> subst: unable to load attribute_list_tpl.<br>

[ Oct 08 2004 21:45:08 ] [notice] <b>Template Error:</b> loadfile: type_item_tpl is not a valid handle.<br>

[ Oct 08 2004 21:45:08 ] [notice] <b>Template Error:</b> subst: unable to load type_item_tpl.<br>

[ Oct 08 2004 21:45:08 ] [notice] <b>Template Error:</b> loadfile: image_list_tpl is not a valid handle.<br>

[ Oct 08 2004 21:45:08 ] [notice] <b>Template Error:</b> subst: unable to load image_list_tpl.<br>

[ Oct 08 2004 21:45:08 ] [notice] <b>Template Error:</b> loadfile: print_page_link_tpl is not a valid handle.<br>

[ Oct 08 2004 21:45:08 ] [notice] <b>Template Error:</b> subst: unable to load print_page_link_tpl.<br>

[ Oct 14 2004 21:58:40 ] [notice] <b>Template Error:</b> loadfile: header_item_tpl is not a valid handle.<br>

[ Oct 14 2004 21:58:40 ] [notice] <b>Template Error:</b> subst: unable to load header_item_tpl.<br>

[ Oct 14 2004 21:58:40 ] [notice] <b>Template Error:</b> loadfile: header_item_tpl is not a valid handle.<br>

[ Oct 14 2004 21:58:40 ] [notice] <b>Template Error:</b> subst: unable to load header_item_tpl.<br>

[ Oct 14 2004 21:58:40 ] [notice] <b>Template Error:</b> loadfile: latest_headline_tpl is not a valid handle.<br>

[ Oct 14 2004 21:58:40 ] [notice] <b>Template Error:</b> subst: unable to load latest_headline_tpl.<br>

[ Oct 14 2004 21:58:40 ] [notice] <b>Template Error:</b> loadfile: header_item_tpl is not a valid handle.<br>

[ Oct 14 2004 21:58:40 ] [notice] <b>Template Error:</b> subst: unable to load header_item_tpl.<br>

[ Oct 14 2004 21:58:40 ] [notice] <b>Template Error:</b> loadfile: rfp_date_tpl is not a valid handle.<br>

[ Oct 14 2004 21:58:40 ] [notice] <b>Template Error:</b> subst: unable to load rfp_date_tpl.<br>

[ Oct 14 2004 21:58:40 ] [notice] <b>Template Error:</b> loadfile: rfp_date_tpl is not a valid handle.<br>

[ Oct 14 2004 21:58:40 ] [notice] <b>Template Error:</b> subst: unable to load rfp_date_tpl.<br>

[ Oct 14 2004 21:58:40 ] [notice] <b>Template Error:</b> loadfile: rfp_date_tpl is not a valid handle.<br>

[ Oct 14 2004 21:58:40 ] [notice] <b>Template Error:</b> subst: unable to load rfp_date_tpl.<br>

[ Oct 14 2004 21:58:44 ] [notice] <b>Template Error:</b> loadfile: header_item_tpl is not a valid handle.<br>

[ Oct 14 2004 21:58:44 ] [notice] <b>Template Error:</b> subst: unable to load header_item_tpl.<br>

[ Oct 14 2004 21:58:44 ] [notice] <b>Template Error:</b> loadfile: header_item_tpl is not a valid handle.<br>

[ Oct 14 2004 21:58:44 ] [notice] <b>Template Error:</b> subst: unable to load header_item_tpl.<br>

[ Oct 14 2004 21:58:44 ] [notice] <b>Template Error:</b> loadfile: category_headline_tpl is not a valid handle.<br>

[ Oct 14 2004 21:58:44 ] [notice] <b>Template Error:</b> subst: unable to load category_headline_tpl.<br>

[ Oct 14 2004 21:58:44 ] [notice] <b>Template Error:</b> loadfile: header_item_tpl is not a valid handle.<br>

[ Oct 14 2004 21:58:44 ] [notice] <b>Template Error:</b> subst: unable to load header_item_tpl.<br>

[ Oct 14 2004 21:59:32 ] [notice] <b>Template Error:</b> loadfile: image_list_tpl is not a valid handle.<br>

[ Oct 14 2004 21:59:32 ] [notice] <b>Template Error:</b> subst: unable to load image_list_tpl.<br>

[ Oct 14 2004 21:59:32 ] [notice] <b>Template Error:</b> loadfile: attribute_list_tpl is not a valid handle.<br>

[ Oct 14 2004 21:59:32 ] [notice] <b>Template Error:</b> subst: unable to load attribute_list_tpl.<br>

[ Oct 14 2004 21:59:32 ] [notice] <b>Template Error:</b> loadfile: type_item_tpl is not a valid handle.<br>

[ Oct 14 2004 21:59:32 ] [notice] <b>Template Error:</b> subst: unable to load type_item_tpl.<br>

[ Oct 14 2004 21:59:32 ] [notice] <b>Template Error:</b> loadfile: image_list_tpl is not a valid handle.<br>

[ Oct 14 2004 21:59:32 ] [notice] <b>Template Error:</b> subst: unable to load image_list_tpl.<br>

[ Oct 14 2004 21:59:32 ] [notice] <b>Template Error:</b> loadfile: print_page_link_tpl is not a valid handle.<br>

[ Oct 14 2004 21:59:32 ] [notice] <b>Template Error:</b> subst: unable to load print_page_link_tpl.<br>

[ Oct 15 2004 14:27:17 ] [notice] <b>Template Error:</b> loadfile: path_item_tpl is not a valid handle.<br>

[ Oct 15 2004 14:27:17 ] [notice] <b>Template Error:</b> subst: unable to load path_item_tpl.<br>

[ Oct 17 2004 11:44:37 ] [warning] Max limit reached: admin from IP: 24.0.66.2
[ Oct 17 2004 11:56:22 ] [notice] Admin login: admin from IP: 24.0.66.2
