Wed Sep  5 15:29:26 CEST 2001 - Creating module ezfilemanager, module category php

Module : ezfilemanager
Repository path : /home/cvsroot/projects/php/ezfilemanager
Maintainer(s) : jhe@ez.no

Module : ezfilemanager
Repository path : /home/cvsroot/projects/php/ezfilemanager
Maintainer(s) : jhe@ez.no

Module : ezfilemanager
Repository path : /home/cvsroot/projects/php/ezfilemanager
Maintainer(s) : jhe@ez.no

Module : ezfilemanager
Repository path : /home/cvsroot/projects/php/ezfilemanager
Maintainer(s) : jhe@ez.no
2001-09-06  th  <th@zev.ez.no>

    * user/templates/standard/filelist.tpl
      user/intl/no_NO/filelist.php.ini: Layout

2001-09-06  jhe  <jhe@zev.ez.no>

    * user/datasupplier.php
      user/filelist.php
      user/intl/en_GB/filelist.php.ini
      user/templates/standard/filelist.tpl
      classes/ezvirtualfolder.php: added next/previous buttons in filelist


Module : ezfilemanager
Repository path : /home/cvsroot/projects/php/ezfilemanager
Maintainer(s) : jhe@ez.no
2001-09-07  Thomas Hellstroem  <th@ez.no>

    * admin/intl/no_NO/menubox.php.ini: Layout


Module : ezfilemanager
Repository path : /home/cvsroot/projects/php/ezfilemanager
Maintainer(s) : jhe@ez.no
2001-09-10  Jo Henrik Endrerud  <jhe@ez.no>

    * classes/ezvirtualfile.php
      user/search.php: search is working correctly


Module : ezfilemanager
Repository path : /home/cvsroot/projects/php/ezfilemanager
Maintainer(s) : jhe@ez.no
2001-09-12  Thomas Hellstroem  <th@ez.no>

    * user/templates/linmag/filelist.tpl: Layout


Module : ezfilemanager
Repository path : /home/cvsroot/projects/php/ezfilemanager
Maintainer(s) : jhe@ez.no
2001-09-13  fh  <fh@zev.ez.no>

    * user/fileupload.php: Code cleanup

    * user/fileupload.php: Obey upload permission

    * user/intl/en_GB/folderedit.php.ini
      user/templates/standard/folderedit.tpl
      user/folderedit.php:
    1. Upload functionality added to eZObjectPermission.
    2. Upload toggles added to imagecatalogue (toggles work) functionality not.


Module : ezfilemanager
Repository path : /home/cvsroot/projects/php/ezfilemanager
Maintainer(s) : jhe@ez.no
2001-09-16  fh  <fh@zev.ez.no>

    * user/folderedit.php: Fix


Module : ezfilemanager
Repository path : /home/cvsroot/projects/php/ezfilemanager
Maintainer(s) : jhe@ez.no
2001-09-17  fh  <fh@zev.ez.no>

    * classes/ezvirtualfile.php
      classes/ezvirtualfolder.php
      user/filelist.php
      user/fileupload.php
      user/folderedit.php:
    1. Change ownership and set right permissions when adding to upload folder
    2. Recursivly change permissions and ownership on files being moved into an upload
    folder.
    3. Permissions fixes.

2001-09-17  Jo Henrik Endrerud  <jhe@ez.no>

    * user/folderedit.php: fixed small bug


Module : ezfilemanager
Repository path : /home/cvsroot/projects/php/ezfilemanager
Maintainer(s) : jhe@ez.no
2001-09-20  Gunnstein Lye  <gl@ez.no>

    * admin/intl/fr_FR/menubox.php.ini
      user/intl/fr_FR/filelist.php.ini
      user/intl/fr_FR/fileupload.php.ini
      user/intl/fr_FR/fileview.php.ini
      user/intl/fr_FR/folderedit.php.ini
      user/intl/fr_FR/search.php.ini: updated fr_FR

2001-09-20  Jo Henrik Endrerud  <jhe@ez.no>

    * user/intl/no_NO/folderedit.php.ini:
    fixed no_NO translation for eZcalendar, eZcontact, eZfilemanager and eZforum


Module : ezfilemanager
Repository path : /home/cvsroot/projects/php/ezfilemanager
Maintainer(s) : jhe@ez.no
2001-09-21  Jo Henrik Endrerud  <jhe@ez.no>

    * classes/ezvirtualfile.php
      user/filelist.php
      user/templates/standard/filelist.tpl: fixed bugs in ezforum
    changed ezuser::groups (see crew@lists.ez.no)

2001-09-21  Christofer Elo  <ce@ez.no>

    * classes/ezvirtualfolder.php
      user/folderedit.php
      user/templates/standard/folderedit.tpl: Added section id

2001-09-21  Jo Henrik Endrerud  <jhe@ez.no>

    * admin/intl/no_NO/browse.php.ini
      admin/intl/no_NO/menubox.php.ini
      user/intl/no_NO/filelist.php.ini
      user/intl/no_NO/folderedit.php.ini
      user/templates/standard/fileupload.tpl: more internationalization


Module : ezfilemanager
Repository path : /home/cvsroot/projects/php/ezfilemanager
Maintainer(s) : jhe@ez.no
2001-09-22  Unknown  <master@open.lv>

    * user/filelist.php
      user/fileview.php: sections was patched for admin interface

    * user/filelist.php
      user/fileview.php: sections in file manager

    * classes/ezvirtualfolder.php: small bug fixed in getsectiondIDstatic


Module : ezfilemanager
Repository path : /home/cvsroot/projects/php/ezfilemanager
Maintainer(s) : jhe@ez.no
2001-09-24  Jo Henrik Endrerud  <jhe@ez.no>

    * user/fileupload.php
      user/folderedit.php: small code standard fix

