Wed Sep  5 15:27:47 CEST 2001 - Creating module ezsession, module category php

Module : ezsession
Repository path : /home/cvsroot/projects/php/ezsession
Maintainer(s) : bf@ez.no

Module : ezsession
Repository path : /home/cvsroot/projects/php/ezsession
Maintainer(s) : bf@ez.no

Module : ezsession
Repository path : /home/cvsroot/projects/php/ezsession
Maintainer(s) : bf@ez.no

Module : ezsession
Repository path : /home/cvsroot/projects/php/ezsession
Maintainer(s) : bf@ez.no
2001-09-26  Bjoern Reiten  <br@ez.no>

    * sql/informix/ezsession.sql
      sql/mysql/ezsession.sql
      sql/postgresql/ezsession.sql:
    changed Value in eZSession_SessionVariable from varchar(50) to text.

2001-09-26  Christofer Elo  <ce@ez.no>

    * classes/ezsession.php: Fixed a bug in setArray()


Module : ezsession
Repository path : /home/cvsroot/projects/php/ezsession
Maintainer(s) : bf@ez.no
2001-09-27  Baard Farstad  <bf@ez.no>

    * classes/ezsession.php: Altererd cookie timeout to 40 days.

