Wed Sep  5 15:28:06 CEST 2001 - Creating module admin, module category php

Module : admin
Repository path : /home/cvsroot/projects/php/admin
Maintainer(s) : bf@ez.no

Module : admin
Repository path : /home/cvsroot/projects/php/admin
Maintainer(s) : bf@ez.no

Module : admin
Repository path : /home/cvsroot/projects/php/admin
Maintainer(s) : bf@ez.no

Module : admin
Repository path : /home/cvsroot/projects/php/admin
Maintainer(s) : bf@ez.no
2001-09-20  Gunnstein Lye  <gl@ez.no>

    * intl/fr_FR/error.ini
      intl/fr_FR/help_header.php.ini: updated fr_FR


Module : admin
Repository path : /home/cvsroot/projects/php/admin
Maintainer(s) : bf@ez.no
2001-09-27  Baard Farstad  <bf@ez.no>

    * intl/no_NO/header.php.ini: Translation.

    * intl/no_NO/header.php.ini
      templates/ezpublish/header.tpl
      header.php
      intl/en_GB/header.php.ini: Added display of eZ publish version.


Module : admin
Repository path : /home/cvsroot/projects/php/admin
Maintainer(s) : bf@ez.no
2001-09-29  Kai Duebbert  <kai@duebbert.de>

    * footer.php
      loginfooter.php
      print_footer.php:
    $index and $wwwDir go to $GlobalSiteIni->Index and $GlobalSiteIni->WWWDir. Fixes namespace problems.

    * templates/ezpublish/loginheader.tpl: fixed title to english

