Wed Sep  5 15:29:53 CEST 2001 - Creating module ezstats, module category php

Module : ezstats
Repository path : /home/cvsroot/projects/php/ezstats
Maintainer(s) : br@ez.no

Module : ezstats
Repository path : /home/cvsroot/projects/php/ezstats
Maintainer(s) : br@ez.no

Module : ezstats
Repository path : /home/cvsroot/projects/php/ezstats
Maintainer(s) : br@ez.no

Module : ezstats
Repository path : /home/cvsroot/projects/php/ezstats
Maintainer(s) : br@ez.no
2001-09-13  Bjoern Reiten  <br@ez.no>

    * admin/pageviewlist.php: fixed placement of drawNavigator (bugfix)


Module : ezstats
Repository path : /home/cvsroot/projects/php/ezstats
Maintainer(s) : br@ez.no
2001-09-20  Gunnstein Lye  <gl@ez.no>

    * admin/intl/fr_FR/entryexitpages.php.ini
      admin/intl/fr_FR/menubox.php.ini
      admin/intl/fr_FR/monthreport.php.ini
      admin/intl/fr_FR/pageviewlist.php.ini
      admin/intl/fr_FR/productreport.php.ini
      admin/intl/fr_FR/visitorlist.php.ini
      admin/intl/fr_FR/yearreport.php.ini: updated fr_FR


Module : ezstats
Repository path : /home/cvsroot/projects/php/ezstats
Maintainer(s) : br@ez.no
2001-09-24  Bjoern Reiten  <br@ez.no>

    * admin/browserlist.php
      classes/ezpageviewquery.php: added new function for calculating sum.

    * admin/refererlist.php: moved eZList::drawNavigator

    * admin/requestpagelist.php
      admin/visitorlist.php: moved eZList::drawNavigator.

2001-09-24  Jo Henrik Endrerud  <jhe@ez.no>

    * Attic/cron.php: small code standard fix

    * admin/cron.php: moved cron.php

    * Attic/cron.php
      admin/Attic/archive.php: renamed file


Module : ezstats
Repository path : /home/cvsroot/projects/php/ezstats
Maintainer(s) : br@ez.no
2001-09-29  Kai Duebbert  <kai@duebbert.de>

    * admin/templates/standard/yearreport.tpl
      admin/intl/cn_CN/yearreport.php.ini
      admin/intl/de_DE/yearreport.php.ini
      admin/intl/en_GB/yearreport.php.ini
      admin/intl/en_US/yearreport.php.ini
      admin/intl/es_AR/yearreport.php.ini
      admin/intl/es_MX/yearreport.php.ini
      admin/intl/fi_FI/yearreport.php.ini
      admin/intl/fr_FR/yearreport.php.ini
      admin/intl/it_IT/yearreport.php.ini
      admin/intl/no_NO/yearreport.php.ini
      admin/intl/zh_TW/yearreport.php.ini: fixed bug "wrong intl key"

