Wed Sep  5 15:29:57 CEST 2001 - Creating module ezad, module category php

Module : ezad
Repository path : /home/cvsroot/projects/php/ezad
Maintainer(s) : br@ez.no

Module : ezad
Repository path : /home/cvsroot/projects/php/ezad
Maintainer(s) : br@ez.no

Module : ezad
Repository path : /home/cvsroot/projects/php/ezad
Maintainer(s) : br@ez.no

Module : ezad
Repository path : /home/cvsroot/projects/php/ezad
Maintainer(s) : br@ez.no
2001-09-12  Bjoern Reiten  <br@ez.no>

    * admin/intl/no_NO/adedit.php.ini: added translation.


Module : ezad
Repository path : /home/cvsroot/projects/php/ezad
Maintainer(s) : br@ez.no
2001-09-20  Gunnstein Lye  <gl@ez.no>

    * admin/intl/fr_FR/adlist.php.ini
      admin/intl/fr_FR/menubox.php.ini
      admin/intl/fr_FR/adstatistics.php.ini
      admin/intl/fr_FR/categoryedit.php.ini: updated fr_FR


Module : ezad
Repository path : /home/cvsroot/projects/php/ezad
Maintainer(s) : br@ez.no
2001-09-27  Christoffer Elo  <ce@ez.no>

    * sql/mysql/ezad.sql
      sql/postgresql/ezad.sql: Added missing SQL tables/fields.


Module : ezad
Repository path : /home/cvsroot/projects/php/ezad
Maintainer(s) : br@ez.no
2001-09-29  Kai Duebbert  <kai@duebbert.de>

    * user/adlist.php:
    $index and $wwwDir go to $GlobalSiteIni->Index and $GlobalSiteIni->WWWDir. Fixes namespace problems.


Module : ezad
Repository path : /home/cvsroot/projects/php/ezad
Maintainer(s) : br@ez.no
2001-10-01  Bjoern Reiten  <br@ez.no>

    * classes/ezad.php
      classes/ezadcategory.php:
    fixed offset for images and date when inserting an image.
    Images is now ordered by ViewOffsetCount instead of ViewCount.
    and all ViewOffsetCount values is set to 1 when inserting a
    new image.

2001-10-01  Gunnstein Lye  <gl@ez.no>

    * admin/intl/he_IL/adedit.php.ini
      admin/intl/he_IL/adlist.php.ini
      admin/intl/he_IL/adstatistics.php.ini
      admin/intl/he_IL/categoryedit.php.ini
      admin/intl/he_IL/menubox.php.ini
      user/intl/he_IL/adlist.php.ini: Added he_IL (Hebrew) translation


Module : ezad
Repository path : /home/cvsroot/projects/php/ezad
Maintainer(s) : br@ez.no
2001-10-02  Bjoern Reiten  <br@ez.no>

    * user/queuedadlist.php:
    added queuedadlist.php: Can read all ads to a category the first time
    and print one ad each time you include this file in a script.


Module : ezad
Repository path : /home/cvsroot/projects/php/ezad
Maintainer(s) : br@ez.no
2001-10-11  Jo Henrik Endrerud  <jhe@ez.no>

    * sql/Attic/ezad.sql
      sql/informix/ezad.sql
      sql/mysql/ezad.sql: updated sql scheemes, ready for release


Module : ezad
Repository path : /home/cvsroot/projects/php/ezad
Maintainer(s) : br@ez.no
2001-10-12  Bjoern Reiten  <br@ez.no>

    * admin/adstatistics.php: set clickRevenue to 0 if clickCount is 0

    * admin/adstatistics.php: fixed some bugs.


Module : ezad
Repository path : /home/cvsroot/projects/php/ezad
Maintainer(s) : br@ez.no
2001-10-14  Bjoern Reiten  <br@ez.no>

    * classes/ezad.php
      admin/adedit.php:
    Added regexp for http on urls, and moved lock table in ezad.php
    (got error message when update a new ad)


Module : ezad
Repository path : /home/cvsroot/projects/php/ezad
Maintainer(s) : br@ez.no
2001-10-16  Bjoern Reiten  <br@ez.no>

    * classes/ezadcategory.php:
    delete links from the category, in addition to the category.

2001-10-16  Gunnstein Lye  <gl@ez.no>

    * admin/intl/de_DE/adedit.php.ini
      admin/intl/de_DE/adlist.php.ini: updated de_DE for 2.2 beta2

2001-10-16  Bjoern Reiten  <br@ez.no>

    * sql/mysql/ezad.sql
      sql/postgresql/ezad.sql: fixed sql schema.


Module : ezad
Repository path : /home/cvsroot/projects/php/ezad
Maintainer(s) : br@ez.no
2001-10-19  Gunnstein Lye  <gl@ez.no>

    * admin/intl/en_GB/adedit.php.ini: newline

    * admin/intl/no_NO/adlist.php.ini
      admin/intl/no_NO/adstatistics.php.ini: updated no_NO


Module : ezad
Repository path : /home/cvsroot/projects/php/ezad
Maintainer(s) : br@ez.no
2001-10-27  Gunnstein Lye  <gl@ez.no>

    * admin/intl/fi_FI/adedit.php.ini
      admin/intl/fi_FI/adlist.php.ini
      admin/intl/fi_FI/adstatistics.php.ini
      admin/intl/fi_FI/categoryedit.php.ini
      admin/intl/fi_FI/menubox.php.ini: updated fi_FI for 2.2 final


Module : ezad
Repository path : /home/cvsroot/projects/php/ezad
Maintainer(s) : br@ez.no
2001-10-29  Vlad Pavlenko  <vlad@epasaule.lv>

    * user/adlist.php: process external/internal ads


Module : ezad
Repository path : /home/cvsroot/projects/php/ezad
Maintainer(s) : br@ez.no
2001-10-30  Vlad Pavlenko  <vlad@epasaule.lv>

    * user/adlist.php: local/external banners

2001-10-30  Gunnstein Lye  <gl@ez.no>

    * admin/intl/es_MX/adedit.php.ini
      admin/intl/es_MX/adlist.php.ini
      admin/intl/es_MX/categoryedit.php.ini:
    updated es_MX (Mexican Spanish) for 2.2

2001-10-30  Bjoern Reiten  <br@ez.no>

    * user/adlist.php: Fixed some formating of code.


Module : ezad
Repository path : /home/cvsroot/projects/php/ezad
Maintainer(s) : br@ez.no
2001-10-31  Gunnstein Lye  <gl@ez.no>

    * admin/intl/en_GB/categoryedit.php.ini: en_GB fix


Module : ezad
Repository path : /home/cvsroot/projects/php/ezad
Maintainer(s) : br@ez.no
2001-11-05  Gunnstein Lye  <gl@ez.no>

    * admin/intl/en_GB/adedit.php.ini: en_GB fixxes


Module : ezad
Repository path : /home/cvsroot/projects/php/ezad
Maintainer(s) : br@ez.no
2001-11-06  Gunnstein Lye  <gl@ez.no>

    * admin/intl/de_DE/adedit.php.ini
      admin/intl/de_DE/categoryedit.php.ini: de_DE update for 2.2.1


Module : ezad
Repository path : /home/cvsroot/projects/php/ezad
Maintainer(s) : br@ez.no
2001-11-09  Bjoern Reiten  <br@ez.no>

    * user/templates/linmag/adlist.tpl: added template.

    * user/templates/linmag/adlist.tpl: removed adlist.


Module : ezad
Repository path : /home/cvsroot/projects/php/ezad
Maintainer(s) : br@ez.no
2001-11-16  Gunnstein Lye  <gl@ez.no>

    * admin/intl/fr_FR/adedit.php.ini: updated fr_FR for 2.2 final


Module : ezad
Repository path : /home/cvsroot/projects/php/ezad
Maintainer(s) : br@ez.no
2001-11-21  Gunnstein Lye  <gl@ez.no>

    * admin/intl/es_AR/adedit.php.ini
      admin/intl/es_AR/adlist.php.ini
      admin/intl/es_AR/adstatistics.php.ini
      admin/intl/es_AR/categoryedit.php.ini
      admin/intl/es_AR/menubox.php.ini: updated es_AR for 2.2.2


Module : ezad
Repository path : /home/cvsroot/projects/php/ezad
Maintainer(s) : br@ez.no
2001-11-22  Gunnstein Lye  <gl@ez.no>

    * admin/intl/se_SE/adedit.php.ini
      admin/intl/se_SE/adlist.php.ini
      admin/intl/se_SE/adstatistics.php.ini
      admin/intl/se_SE/categoryedit.php.ini
      admin/intl/se_SE/menubox.php.ini: se_SE swedish 2.2.1


Module : ezad
Repository path : /home/cvsroot/projects/php/ezad
Maintainer(s) : br@ez.no
2001-11-23  Bjoern Reiten  <br@ez.no>

    * admin/adedit.php: removed strtolower for url.

    * classes/ezad.php:
    removed htmlspecialchars and removed duplicate url function.

    * classes/ezad.php:
    remover htmlspecialchars on url and the function url was duplicated.

    * admin/adedit.php: removed strtolower on url.


Module : ezad
Repository path : /home/cvsroot/projects/php/ezad
Maintainer(s) : br@ez.no
2001-12-06  Gunnstein Lye  <gl@ez.no>

    * admin/intl/hr_HR/adedit.php.ini
      admin/intl/hr_HR/adlist.php.ini
      admin/intl/hr_HR/adstatistics.php.ini
      admin/intl/hr_HR/categoryedit.php.ini
      admin/intl/hr_HR/menubox.php.ini: Croatian (hr_HR) for 2.2.2


Module : ezad
Repository path : /home/cvsroot/projects/php/ezad
Maintainer(s) : br@ez.no
2001-12-07  Kai Duebbert  <kai@duebbert.de>

    * admin/templates/standard/adlist.tpl:
    fixed missing {www_dir} in templates


Module : ezad
Repository path : /home/cvsroot/projects/php/ezad
Maintainer(s) : br@ez.no
2001-12-21  Gunnstein Lye  <gl@ez.no>

    * user/intl/pt_PT/adlist.php.ini: pt_PT (Portuguese) version 2.2.2

    * admin/intl/pt_PT/adedit.php.ini
      admin/intl/pt_PT/adlist.php.ini
      admin/intl/pt_PT/adstatistics.php.ini
      admin/intl/pt_PT/categoryedit.php.ini
      admin/intl/pt_PT/menubox.php.ini: pt_PT 2.2.2


Module : ezad
Repository path : /home/cvsroot/projects/php/ezad
Maintainer(s) : br@ez.no
2002-02-27  Vlad Pavlenko  <vlad@epasaule.lv>

    * admin/adedit.php
      user/gotoad.php
      user/adlist.php:
    internal/external banners support (using http:// or ftp:// start)

