Wed Sep  5 15:30:18 CEST 2001 - Creating module eznewsfeed, module category php

Module : eznewsfeed
Repository path : /home/cvsroot/projects/php/eznewsfeed
Maintainer(s) : vl@ez.no

Module : eznewsfeed
Repository path : /home/cvsroot/projects/php/eznewsfeed
Maintainer(s) : vl@ez.no

Module : eznewsfeed
Repository path : /home/cvsroot/projects/php/eznewsfeed
Maintainer(s) : vl@ez.no

Module : eznewsfeed
Repository path : /home/cvsroot/projects/php/eznewsfeed
Maintainer(s) : vl@ez.no
2001-09-20  Gunnstein Lye  <gl@ez.no>

    * admin/intl/fr_FR/categoryedit.php.ini
      admin/intl/fr_FR/importnews.php.ini
      admin/intl/fr_FR/menubox.php.ini
      admin/intl/fr_FR/newsarchive.php.ini
      admin/intl/fr_FR/newsedit.php.ini
      admin/intl/fr_FR/newssearch.php.ini
      admin/intl/fr_FR/sourcesiteedit.php.ini
      admin/intl/fr_FR/unpublished.php.ini
      user/intl/fr_FR/allcategories.php.ini
      user/intl/fr_FR/newslist.php.ini
      user/intl/fr_FR/search.php.ini: updated fr_FR


Module : eznewsfeed
Repository path : /home/cvsroot/projects/php/eznewsfeed
Maintainer(s) : vl@ez.no
2001-10-01  Gunnstein Lye  <gl@ez.no>

    * admin/intl/he_IL/categoryedit.php.ini
      admin/intl/he_IL/importnews.php.ini
      admin/intl/he_IL/menubox.php.ini
      admin/intl/he_IL/newsarchive.php.ini
      admin/intl/he_IL/newsedit.php.ini
      admin/intl/he_IL/newssearch.php.ini
      admin/intl/he_IL/sourcesiteedit.php.ini
      admin/intl/he_IL/unpublished.php.ini
      user/intl/he_IL/allcategories.php.ini
      user/intl/he_IL/menubox.php.ini
      user/intl/he_IL/newslist.php.ini
      user/intl/he_IL/search.php.ini: Added he_IL (Hebrew) translation


Module : eznewsfeed
Repository path : /home/cvsroot/projects/php/eznewsfeed
Maintainer(s) : vl@ez.no
2001-10-11  Jo Henrik Endrerud  <jhe@ez.no>

    * sql/mysql/eznewsfeed.sql
      sql/postgresql/eznewfeed.sql: updated sql scheemes, ready for release


Module : eznewsfeed
Repository path : /home/cvsroot/projects/php/eznewsfeed
Maintainer(s) : vl@ez.no
2001-10-16  Gunnstein Lye  <gl@ez.no>

    * admin/intl/de_DE/categoryedit.php.ini
      user/intl/de_DE/headlines.php.ini: updated de_DE for 2.2 beta2


Module : eznewsfeed
Repository path : /home/cvsroot/projects/php/eznewsfeed
Maintainer(s) : vl@ez.no
2001-10-19  Gunnstein Lye  <gl@ez.no>

    * admin/intl/no_NO/newssearch.php.ini: updated no_NO

    * admin/intl/en_GB/categoryedit.php.ini
      admin/intl/en_GB/importnews.php.ini
      admin/intl/en_GB/newsedit.php.ini
      admin/intl/en_GB/sourcesiteedit.php.ini
      admin/intl/en_GB/unpublished.php.ini
      user/intl/en_GB/allcategories.php.ini: newline

    * admin/intl/no_NO/categoryedit.php.ini
      admin/intl/no_NO/importnews.php.ini
      admin/intl/no_NO/menubox.php.ini
      admin/intl/no_NO/newsedit.php.ini
      admin/intl/no_NO/newssearch.php.ini
      admin/intl/no_NO/sourcesiteedit.php.ini
      admin/intl/no_NO/unpublished.php.ini
      user/intl/no_NO/allcategories.php.ini
      user/intl/no_NO/newslist.php.ini: updated no_NO


Module : eznewsfeed
Repository path : /home/cvsroot/projects/php/eznewsfeed
Maintainer(s) : vl@ez.no
2001-10-27  Gunnstein Lye  <gl@ez.no>

    * admin/intl/fi_FI/categoryedit.php.ini
      admin/intl/fi_FI/importnews.php.ini
      admin/intl/fi_FI/menubox.php.ini
      admin/intl/fi_FI/newsarchive.php.ini
      admin/intl/fi_FI/newsedit.php.ini
      admin/intl/fi_FI/newssearch.php.ini
      admin/intl/fi_FI/sourcesiteedit.php.ini
      admin/intl/fi_FI/unpublished.php.ini
      user/intl/fi_FI/allcategories.php.ini
      user/intl/fi_FI/headlines.php.ini
      user/intl/fi_FI/menubox.php.ini
      user/intl/fi_FI/newslist.php.ini: updated fi_FI for 2.2 final


Module : eznewsfeed
Repository path : /home/cvsroot/projects/php/eznewsfeed
Maintainer(s) : vl@ez.no
2001-10-29  Baard Farstad  <bf@ez.no>

    * classes/ezbackslashimporter.php
      classes/eznewsimporter.php
      classes/ezrdfimporter.php
      classes/ezrssimporter.php: Fixed support for libxml in newsfeed.

    * classes/ezbackslashimporter.php
      classes/eznewsimporter.php
      classes/ezrdfimporter.php
      classes/ezrssimporter.php:
    Added support for libxml instead of qdom XML parser. People happy now? ;)


Module : eznewsfeed
Repository path : /home/cvsroot/projects/php/eznewsfeed
Maintainer(s) : vl@ez.no
2001-10-30  Gunnstein Lye  <gl@ez.no>

    * admin/intl/es_MX/importnews.php.ini
      admin/intl/es_MX/menubox.php.ini
      admin/intl/es_MX/newsarchive.php.ini
      admin/intl/es_MX/newssearch.php.ini
      admin/intl/es_MX/unpublished.php.ini
      user/intl/es_MX/headlines.php.ini
      user/intl/es_MX/menubox.php.ini: updated es_MX (Mexican Spanish) for 2.2


Module : eznewsfeed
Repository path : /home/cvsroot/projects/php/eznewsfeed
Maintainer(s) : vl@ez.no
2001-11-05  Gunnstein Lye  <gl@ez.no>

    * admin/intl/en_GB/categoryedit.php.ini
      admin/intl/en_GB/importnews.php.ini
      admin/intl/en_GB/newsedit.php.ini
      admin/intl/en_GB/sourcesiteedit.php.ini
      admin/intl/en_GB/unpublished.php.ini
      user/intl/en_GB/allcategories.php.ini: en_GB fixxes

2001-11-05  Jo Henrik Endrerud  <jhe@ez.no>

    * sql/postgresql/Attic/eznewfeed.sql
      sql/postgresql/eznewsfeed.sql: renamed file

    * sql/postgresql/eznewsfeed.sql: New file.

    * sql/postgresql/Attic/eznewfeed.sql
      sql/postgresql/eznewsfeed.sql: renamed file


Module : eznewsfeed
Repository path : /home/cvsroot/projects/php/eznewsfeed
Maintainer(s) : vl@ez.no
2001-11-06  Gunnstein Lye  <gl@ez.no>

    * admin/intl/de_DE/categoryedit.php.ini
      admin/intl/de_DE/importnews.php.ini
      admin/intl/de_DE/newsedit.php.ini
      admin/intl/de_DE/sourcesiteedit.php.ini
      admin/intl/de_DE/unpublished.php.ini
      user/intl/de_DE/allcategories.php.ini
      user/intl/de_DE/headlines.php.ini: de_DE update for 2.2.1

