Wed Sep  5 15:30:31 CEST 2001 - Creating module ezurltranslator, module category php

Module : ezurltranslator
Repository path : /home/cvsroot/projects/php/ezurltranslator
Maintainer(s) : vl@ez.no

Module : ezurltranslator
Repository path : /home/cvsroot/projects/php/ezurltranslator
Maintainer(s) : vl@ez.no

Module : ezurltranslator
Repository path : /home/cvsroot/projects/php/ezurltranslator
Maintainer(s) : vl@ez.no

Module : ezurltranslator
Repository path : /home/cvsroot/projects/php/ezurltranslator
Maintainer(s) : vl@ez.no
2001-09-06  Vidar Langseid  <vl@ez.no>

    * admin/urledit.php:
    BUGFIX : Now reads language setting from eZURLTranslatorMain section
    in ini-file instead from eZSiteManager section


Module : ezurltranslator
Repository path : /home/cvsroot/projects/php/ezurltranslator
Maintainer(s) : vl@ez.no
2001-09-20  Gunnstein Lye  <gl@ez.no>

    * admin/intl/fr_FR/menubox.php.ini
      admin/intl/fr_FR/urledit.php.ini: updated fr_FR


Module : ezurltranslator
Repository path : /home/cvsroot/projects/php/ezurltranslator
Maintainer(s) : vl@ez.no
2001-10-01  Gunnstein Lye  <gl@ez.no>

    * admin/intl/he_IL/menubox.php.ini
      admin/intl/he_IL/urledit.php.ini: Added he_IL (Hebrew) translation


Module : ezurltranslator
Repository path : /home/cvsroot/projects/php/ezurltranslator
Maintainer(s) : vl@ez.no
2001-10-02  Vidar Langseid  <vl@ez.no>

    * classes/ezurltranslator.php:
    Now a trailing slash in the URI make no difference.
    ie both : http://ezsystems.vl.dvh1.ez.no/shop/software/
    and http://ezsystems.vl.dvh1.ez.no/shop/software will work


Module : ezurltranslator
Repository path : /home/cvsroot/projects/php/ezurltranslator
Maintainer(s) : vl@ez.no
2001-10-16  fh  <fh@zev.ez.no>

    * admin/urledit.php: Added delete on empty list check.

