Wed Sep  5 15:29:10 CEST 2001 - Creating module ezcontact, module category php

Module : ezcontact
Repository path : /home/cvsroot/projects/php/ezcontact
Maintainer(s) : jhe@ez.no

Module : ezcontact
Repository path : /home/cvsroot/projects/php/ezcontact
Maintainer(s) : jhe@ez.no

Module : ezcontact
Repository path : /home/cvsroot/projects/php/ezcontact
Maintainer(s) : jhe@ez.no

Module : ezcontact
Repository path : /home/cvsroot/projects/php/ezcontact
Maintainer(s) : jhe@ez.no
2001-09-07  Gunnstein Lye  <gl@ez.no>

    * user/intl/id_ID/personedit.php.ini: added id_ID


Module : ezcontact
Repository path : /home/cvsroot/projects/php/ezcontact
Maintainer(s) : jhe@ez.no
2001-09-11  Jo Henrik Endrerud  <jhe@ez.no>

    * admin/consultationedit.php:
    link in articlelist when article has no text but attributes


Module : ezcontact
Repository path : /home/cvsroot/projects/php/ezcontact
Maintainer(s) : jhe@ez.no
2001-09-12  Jo Henrik Endrerud  <jhe@ez.no>

    * admin/templates/standard/consultationdetaillist.tpl: small bugfixes

    * admin/consultationedit.php
      admin/personedit.php
      user/datasupplier.php:
    fixed bug when adding new companies and deleting consultations


Module : ezcontact
Repository path : /home/cvsroot/projects/php/ezcontact
Maintainer(s) : jhe@ez.no
2001-09-13  Jo Henrik Endrerud  <jhe@ez.no>

    * admin/consultationview.php
      classes/ezconsultation.php:
    small bug when viewing other persons consultations

    * user/consultationlist.php
      admin/consultationlist.php
      classes/ezconsultation.php:
    added setting to make consultations visible for everyone


Module : ezcontact
Repository path : /home/cvsroot/projects/php/ezcontact
Maintainer(s) : jhe@ez.no
2001-09-14  Jo Henrik Endrerud  <jhe@ez.no>

    * admin/personedit.php: small bug fix when adding new companies

    * admin/buy.php
      admin/folder.php: buttons in contact list

    * classes/ezconsultation.php
      user/datasupplier.php
      admin/consultationedit.php
      admin/consultationview.php
      admin/datasupplier.php
      admin/intl/en_GB/consultationedit.php.ini
      admin/personedit.php
      admin/personlist.php
      admin/templates/standard/companytypelist.tpl
      admin/templates/standard/consultationview.tpl
      admin/templates/standard/personlist.tpl
      admin/companytypelist.php:
    added buttons for buy and file folder in contact lists
    several bugfixes in calendar


Module : ezcontact
Repository path : /home/cvsroot/projects/php/ezcontact
Maintainer(s) : jhe@ez.no
2001-09-17  Jo Henrik Endrerud  <jhe@ez.no>

    * admin/personedit.php
      admin/personview.php
      classes/ezcompany.php
      classes/ezperson.php: fixed bug in sales list in person view
    when adding new person user is redirected to person view

    * user/personsearch.php
      user/templates/standard/companysearch.tpl
      user/templates/standard/personsearch.tpl
      admin/templates/standard/companytypelist.tpl
      admin/templates/standard/companyview.tpl
      admin/templates/standard/personlist.tpl
      admin/templates/standard/personview.tpl
      admin/templates/standard/typelist.tpl
      user/companysearch.php: now using get for searching instead of post

    * admin/templates/standard/companytypelist.tpl
      user/templates/standard/consultation.tpl
      admin/folder.php:
    fixed permission problem when linking contact and filemanager


Module : ezcontact
Repository path : /home/cvsroot/projects/php/ezcontact
Maintainer(s) : jhe@ez.no
2001-09-19  Jo Henrik Endrerud  <jhe@ez.no>

    * admin/personview.php
      admin/templates/standard/consultationdetaillist.tpl: small bugfixes


Module : ezcontact
Repository path : /home/cvsroot/projects/php/ezcontact
Maintainer(s) : jhe@ez.no
2001-09-20  Gunnstein Lye  <gl@ez.no>

    * admin/intl/fr_FR/companyedit.php.ini
      admin/intl/fr_FR/companystats.php.ini
      admin/intl/fr_FR/companytype.php.ini
      admin/intl/fr_FR/companyview.php.ini
      admin/intl/fr_FR/consultationdetaillist.php.ini
      admin/intl/fr_FR/consultationedit.php.ini
      admin/intl/fr_FR/consultationlist.php.ini
      admin/intl/fr_FR/consultationmail.ini
      admin/intl/fr_FR/consultationtype.php.ini
      admin/intl/fr_FR/error.php.ini
      admin/intl/fr_FR/menubox.php.ini
      admin/intl/fr_FR/nopermission.php.ini
      admin/intl/fr_FR/personedit.php.ini
      admin/intl/fr_FR/personview.php.ini
      admin/intl/fr_FR/projecttype.php.ini
      user/intl/fr_FR/menubox.php.ini
      user/intl/fr_FR/urlsupplier.php.ini: updated fr_FR

2001-09-20  Jo Henrik Endrerud  <jhe@ez.no>

    * admin/templates/seanex/companytypeedit.tpl
      admin/templates/seanex/companytypelist.tpl
      admin/templates/standard/companytypeedit.tpl
      admin/templates/standard/companytypelist.tpl
      user/companysearch.php
      user/intl/en_GB/companysearch.php.ini
      user/intl/en_GB/personsearch.php.ini
      user/intl/en_GB/search.php.ini
      user/personsearch.php
      user/templates/standard/companysearch.tpl
      user/templates/standard/personsearch.tpl
      admin/companytypeedit.php
      admin/companytypelist.php
      admin/intl/cn_CN/companytype.php.ini
      admin/intl/de_DE/companytype.php.ini
      admin/intl/en_GB/companytype.php.ini
      admin/intl/en_US/companytype.php.ini
      admin/intl/es_AR/companytype.php.ini
      admin/intl/es_MX/companytype.php.ini
      admin/intl/fi_FI/companytype.php.ini
      admin/intl/fr_FR/companytype.php.ini
      admin/intl/it_IT/companytype.php.ini
      admin/intl/no_NO/companytype.php.ini
      admin/intl/zh_TW/companytype.php.ini
      admin/templates/arkaden/companytypeedit.tpl
      admin/templates/arkaden/companytypelist.tpl:
    removed commands from intl files

    * admin/personedit.php
      user/consultationlist.php
      user/intl/no_NO/menubox.php.ini: fixed small bugs

    * admin/intl/no_NO/personview.php.ini
      user/intl/en_GB/companysearch.php.ini
      user/intl/en_GB/personsearch.php.ini
      user/intl/en_GB/search.php.ini
      admin/intl/en_GB/personedit.php.ini
      admin/intl/no_NO/Attic/personlist.php.ini
      admin/intl/no_NO/companytype.php.ini
      admin/intl/no_NO/companyview.php.ini
      admin/intl/no_NO/consultationedit.php.ini
      admin/intl/no_NO/personedit.php.ini:
    fixed no_NO translation for eZcalendar, eZcontact, eZfilemanager and eZforum

