Wed Sep  5 15:30:13 CEST 2001 - Creating module ezsysinfo, module category php

Module : ezsysinfo
Repository path : /home/cvsroot/projects/php/ezsysinfo
Maintainer(s) : vl@ez.no

Module : ezsysinfo
Repository path : /home/cvsroot/projects/php/ezsysinfo
Maintainer(s) : vl@ez.no

Module : ezsysinfo
Repository path : /home/cvsroot/projects/php/ezsysinfo
Maintainer(s) : vl@ez.no

Module : ezsysinfo
Repository path : /home/cvsroot/projects/php/ezsysinfo
Maintainer(s) : vl@ez.no
2001-09-20  Gunnstein Lye  <gl@ez.no>

    * admin/intl/fr_FR/fileinfo.php.ini
      admin/intl/fr_FR/menubox.php.ini
      admin/intl/fr_FR/netinfo.php.ini
      admin/intl/fr_FR/sysinfo.php.ini: updated fr_FR


Module : ezsysinfo
Repository path : /home/cvsroot/projects/php/ezsysinfo
Maintainer(s) : vl@ez.no
2001-10-01  Gunnstein Lye  <gl@ez.no>

    * admin/intl/he_IL/fileinfo.php.ini
      admin/intl/he_IL/hwinfo.php.ini
      admin/intl/he_IL/meminfo.php.ini
      admin/intl/he_IL/menubox.php.ini
      admin/intl/he_IL/netinfo.php.ini
      admin/intl/he_IL/sysinfo.php.ini: Added he_IL (Hebrew) translation

