Wed Sep  5 15:28:32 CEST 2001 - Creating module ezaddress, module category php

Module : ezaddress
Repository path : /home/cvsroot/projects/php/ezaddress
Maintainer(s) : ce@ez.no

Module : ezaddress
Repository path : /home/cvsroot/projects/php/ezaddress
Maintainer(s) : ce@ez.no

Module : ezaddress
Repository path : /home/cvsroot/projects/php/ezaddress
Maintainer(s) : ce@ez.no

Module : ezaddress
Repository path : /home/cvsroot/projects/php/ezaddress
Maintainer(s) : ce@ez.no
2001-09-20  Gunnstein Lye  <gl@ez.no>

    * admin/intl/fr_FR/addresstype.php.ini
      admin/intl/fr_FR/country.php.ini
      admin/intl/fr_FR/menubox.php.ini
      admin/intl/fr_FR/onlinetype.php.ini
      admin/intl/fr_FR/phonetype.php.ini: updated fr_FR


Module : ezaddress
Repository path : /home/cvsroot/projects/php/ezaddress
Maintainer(s) : ce@ez.no
2001-09-26  Christofer Elo  <ce@ez.no>

    * classes/ezaddress.php: Added english output error


Module : ezaddress
Repository path : /home/cvsroot/projects/php/ezaddress
Maintainer(s) : ce@ez.no
2001-10-01  Gunnstein Lye  <gl@ez.no>

    * admin/intl/he_IL/addresstype.php.ini
      admin/intl/he_IL/country.php.ini
      admin/intl/he_IL/menubox.php.ini
      admin/intl/he_IL/onlinetype.php.ini
      admin/intl/he_IL/phonetype.php.ini: Added he_IL (Hebrew) translation

