Wed Sep  5 15:28:17 CEST 2001 - Creating module ezmessage, module category php

Module : ezmessage
Repository path : /home/cvsroot/projects/php/ezmessage
Maintainer(s) : bf@ez.no

Module : ezmessage
Repository path : /home/cvsroot/projects/php/ezmessage
Maintainer(s) : bf@ez.no

Module : ezmessage
Repository path : /home/cvsroot/projects/php/ezmessage
Maintainer(s) : bf@ez.no

Module : ezmessage
Repository path : /home/cvsroot/projects/php/ezmessage
Maintainer(s) : bf@ez.no
2001-09-14  nca_intelhosting3  <bf@ez.no>

    * admin/intl/no_NO/menubox.php.ini
      admin/intl/no_NO/messageedit.php.ini
      admin/intl/no_NO/messagelist.php.ini
      admin/intl/no_NO/messageview.php.ini: Translated to norwegian.


Module : ezmessage
Repository path : /home/cvsroot/projects/php/ezmessage
Maintainer(s) : bf@ez.no
2001-10-11  Jo Henrik Endrerud  <jhe@ez.no>

    * sql/mysql/ezmessage.sql
      sql/postgresql/ezmessage.sql: updated sql scheemes, ready for release


Module : ezmessage
Repository path : /home/cvsroot/projects/php/ezmessage
Maintainer(s) : bf@ez.no
2001-10-17  Christoffer Elo  <ce@ez.no>

    * sql/mysql/ezmessage.sql: Fixed SQL bugs
    Fixed a percent bug in cart

