Wed Sep  5 15:30:03 CEST 2001 - Creating module ezsitemanager, module category php

Module : ezsitemanager
Repository path : /home/cvsroot/projects/php/ezsitemanager
Maintainer(s) : vl@ez.no

Module : ezsitemanager
Repository path : /home/cvsroot/projects/php/ezsitemanager
Maintainer(s) : vl@ez.no

Module : ezsitemanager
Repository path : /home/cvsroot/projects/php/ezsitemanager
Maintainer(s) : vl@ez.no

Module : ezsitemanager
Repository path : /home/cvsroot/projects/php/ezsitemanager
Maintainer(s) : vl@ez.no
2001-09-06  br  <br@zev.ez.no>

    * admin/intl/no_NO/sectionedit.php.ini: added translation.


Module : ezsitemanager
Repository path : /home/cvsroot/projects/php/ezsitemanager
Maintainer(s) : vl@ez.no
2001-09-19  Baard Farstad  <bf@ez.no>

    * classes/ezsection.php:
    Fixed Section support with Language and template override in eZ article.


Module : ezsitemanager
Repository path : /home/cvsroot/projects/php/ezsitemanager
Maintainer(s) : vl@ez.no
2001-09-20  Gunnstein Lye  <gl@ez.no>

    * admin/intl/fr_FR/menubox.php.ini
      admin/intl/fr_FR/sectionedit.php.ini
      admin/intl/fr_FR/sectionlist.php.ini: updated fr_FR


Module : ezsitemanager
Repository path : /home/cvsroot/projects/php/ezsitemanager
Maintainer(s) : vl@ez.no
2001-09-21  Baard Farstad  <bf@ez.no>

    * classes/ezsection.php:
    Changes, fixed check in section if sections are enabled or not.

