Wed Sep  5 15:27:53 CEST 2001 - Creating module ezuser, module category php

Module : ezuser
Repository path : /home/cvsroot/projects/php/ezuser
Maintainer(s) : bf@ez.no

Module : ezuser
Repository path : /home/cvsroot/projects/php/ezuser
Maintainer(s) : bf@ez.no

Module : ezuser
Repository path : /home/cvsroot/projects/php/ezuser
Maintainer(s) : bf@ez.no

Module : ezuser
Repository path : /home/cvsroot/projects/php/ezuser
Maintainer(s) : bf@ez.no
2001-09-06  th  <th@zev.ez.no>

    * user/templates/gruk/forgot.tpl
      user/templates/gruk/loginmain.tpl: Layout


Module : ezuser
Repository path : /home/cvsroot/projects/php/ezuser
Maintainer(s) : bf@ez.no
2001-09-07  fh  <fh@zev.ez.no>

    * admin/datasupplier.php
      admin/templates/standard/grouplist.tpl:
    Link from group list to userlist now works.

2001-09-07  Thomas Hellstroem  <th@ez.no>

    * admin/intl/no_NO/authorlist.php.ini
      user/templates/gruk/forgot.tpl
      user/templates/gruk/missingemailmessage.tpl: Layout

2001-09-07  Paul Kenneth Egell-Johnsen  <pkej@ez.no>

    * user/intl/no_NO/Attic/missingmailmessage.php.ini
      user/intl/no_NO/missingemailmessage.php.ini:
    Used the wrong name for te file.

    * user/datasupplier.php
      user/forgot.php
      user/intl/en_GB/missingemailmessage.php.ini
      user/intl/no_NO/Attic/missingmailmessage.php.ini
      user/missingemailmessage.php
      user/templates/standard/missingemailmessage.tpl:
    Added check for missing e-mail addresses when people is trying to reclaim
    an user account.

2001-09-07  Thomas Hellstroem  <th@ez.no>

    * user/templates/gruk/loginmain.tpl
      user/templates/gruk/userbox.tpl: Layout

2001-09-07  Baard Farstad  <bf@ez.no>

    * user/userbox.php: Added section id in userbox.

2001-09-07  Thomas Hellstroem  <th@ez.no>

    * admin/templates/standard/useredit.tpl: Layout

2001-09-07  Gunnstein Lye  <gl@ez.no>

    * admin/intl/id_ID/groupedit.php.ini
      admin/intl/id_ID/grouplist.php.ini
      admin/intl/id_ID/login.php.ini
      admin/intl/id_ID/menubox.php.ini
      admin/intl/id_ID/passwordchange.php.ini
      admin/intl/id_ID/sessioninfo.php.ini
      admin/intl/id_ID/useredit.php.ini
      admin/intl/id_ID/userlist.php.ini
      admin/intl/id_ID/welcome.php.ini: updated id_ID


Module : ezuser
Repository path : /home/cvsroot/projects/php/ezuser
Maintainer(s) : bf@ez.no
2001-09-10  Bjoern Reiten  <br@ez.no>

    * user/userwithaddress.php: fixed bug
    * added setGroupDefinition on $user_insert.

2001-09-10  Christofer Elo  <ce@ez.no>

    * user/templates/mygold/userwithaddress.tpl: fic


Module : ezuser
Repository path : /home/cvsroot/projects/php/ezuser
Maintainer(s) : bf@ez.no
2001-09-11  Jo Henrik Endrerud  <jhe@ez.no>

    * classes/ezobjectpermission.php:
    link in articlelist when article has no text but attributes

2001-09-11  fh  <fh@zev.ez.no>

    * admin/useredit.php
      classes/ezpermission.php
      admin/groupedit.php:
    Fixed huge security bug. Users with group and or person edit but without root access where able to give themselves root.


Module : ezuser
Repository path : /home/cvsroot/projects/php/ezuser
Maintainer(s) : bf@ez.no
2001-09-12  Christofer Elo  <ce@ez.no>

    * classes/ezuser.php: Fixed a VERY bad secruety bug


Module : ezuser
Repository path : /home/cvsroot/projects/php/ezuser
Maintainer(s) : bf@ez.no
2001-09-13  fh  <fh@zev.ez.no>

    * classes/ezobjectpermission.php:
    1. Upload functionality added to eZObjectPermission.
    2. Upload toggles added to imagecatalogue (toggles work) functionality not.

2001-09-13  Baard Farstad  <bf@ez.no>

    * admin/useredit.php: Fixed used editing.


Module : ezuser
Repository path : /home/cvsroot/projects/php/ezuser
Maintainer(s) : bf@ez.no
2001-09-14  Jo Henrik Endrerud  <jhe@ez.no>

    * sql/mysql/ezuser.sql: added missing sql information


Module : ezuser
Repository path : /home/cvsroot/projects/php/ezuser
Maintainer(s) : bf@ez.no
2001-09-17  Bjoern Reiten  <br@ez.no>

    * user/templates/linmag/userwithaddress.tpl: fixed template

2001-09-17  Paul Kenneth Egell-Johnsen  <pkej@ez.no>

    * user/templates/linmag/userwithaddress.tpl: Magnificent changes.

    * user/datasupplier.php:
    Added test for OverrideOverrideUserWithAddress. Will use another directory
    if defined.


Module : ezuser
Repository path : /home/cvsroot/projects/php/ezuser
Maintainer(s) : bf@ez.no
2001-09-20  Gunnstein Lye  <gl@ez.no>

    * user/intl/fr_FR/forgot.php.ini
      user/intl/fr_FR/forgotmessage.php.ini
      user/intl/fr_FR/login.php.ini
      user/intl/fr_FR/norights.php.ini
      user/intl/fr_FR/userbox.php.ini
      user/intl/fr_FR/useredit.php.ini
      user/intl/fr_FR/userwithaddress.php.ini
      admin/intl/fr_FR/groupedit.php.ini
      admin/intl/fr_FR/grouplist.php.ini
      admin/intl/fr_FR/login.php.ini
      admin/intl/fr_FR/menubox.php.ini
      admin/intl/fr_FR/passwordchange.php.ini
      admin/intl/fr_FR/sessioninfo.php.ini
      admin/intl/fr_FR/settings.php.ini
      admin/intl/fr_FR/useredit.php.ini
      admin/intl/fr_FR/userlist.php.ini
      admin/intl/fr_FR/welcome.php.ini
      user/intl/fr_FR/addressedit.php.ini: updated fr_FR

2001-09-20  Jo Henrik Endrerud  <jhe@ez.no>

    * classes/ezuser.php: fixed getAll() (searching did not work correctly)


Module : ezuser
Repository path : /home/cvsroot/projects/php/ezuser
Maintainer(s) : bf@ez.no
2001-09-21  Baard Farstad  <bf@ez.no>

    * classes/ezuser.php: Fixed bug in returning ID/object.

2001-09-21  Jo Henrik Endrerud  <jhe@ez.no>

    * classes/ezobjectpermission.php
      classes/ezuser.php: fixed bugs in ezforum
    changed ezuser::groups (see crew@lists.ez.no)


Module : ezuser
Repository path : /home/cvsroot/projects/php/ezuser
Maintainer(s) : bf@ez.no
2001-09-26  Sascha Frinken  <sascha@impetex.de>

    * user/intl/de_MG/userbox.php.ini
      user/templates/mygold/loginmain.tpl: Added design


Module : ezuser
Repository path : /home/cvsroot/projects/php/ezuser
Maintainer(s) : bf@ez.no
2001-09-27  Christoffer Elo  <ce@ez.no>

    * sql/mysql/ezuser.sql
      sql/postgresql/ezuser.sql: Added missing SQL tables/fields.

2001-09-27  Kai Duebbert  <kai@duebbert.de>

    * user/templates/mygold/loginmain.tpl: fix missing tags for nVH install.

2001-09-27  Baard Farstad  <bf@ez.no>

    * classes/ezuser.php: Fixed global user bug.

    * classes/ezobjectpermission.php: Fixed permission bug.

2001-09-27  Sascha Frinken  <sascha@impetex.de>

    * user/intl/de_MG/userbox.php.ini: Added mygold design


Module : ezuser
Repository path : /home/cvsroot/projects/php/ezuser
Maintainer(s) : bf@ez.no
2001-09-28  Christoffer Elo  <ce@ez.no>

    * sql/ezuser.sql: Added missing permission fields

2001-09-28  Jo Henrik Endrerud  <jhe@ez.no>

    * classes/ezobjectpermission.php: fixed small bug


Module : ezuser
Repository path : /home/cvsroot/projects/php/ezuser
Maintainer(s) : bf@ez.no
2001-10-01  Gunnstein Lye  <gl@ez.no>

    * admin/intl/he_IL/groupedit.php.ini
      admin/intl/he_IL/grouplist.php.ini
      admin/intl/he_IL/login.php.ini
      admin/intl/he_IL/menubox.php.ini
      admin/intl/he_IL/passwordchange.php.ini
      admin/intl/he_IL/sessioninfo.php.ini
      admin/intl/he_IL/settings.php.ini
      admin/intl/he_IL/useredit.php.ini
      admin/intl/he_IL/userlist.php.ini
      admin/intl/he_IL/welcome.php.ini
      user/intl/he_IL/addressedit.php.ini
      user/intl/he_IL/forgot.php.ini
      user/intl/he_IL/forgotmessage.php.ini
      user/intl/he_IL/login.php.ini
      user/intl/he_IL/norights.php.ini
      user/intl/he_IL/userbox.php.ini
      user/intl/he_IL/useredit.php.ini
      user/intl/he_IL/userwithaddress.php.ini:
    Added he_IL (Hebrew) translation


Module : ezuser
Repository path : /home/cvsroot/projects/php/ezuser
Maintainer(s) : bf@ez.no
2001-10-04  Baard Farstad  <bf@ez.no>

    * user/datasupplier.php
      user/templates/standard/userwithaddress.tpl: Section id fix.

    * user/templates/standard/userwithaddress.tpl
      user/userwithaddress.php: Fixed remembering section id.

2001-10-04  Christoffer Elo  <ce@ez.no>

    * classes/ezobjectpermission.php: Addded small productlist

2001-10-04  fh  <fh@zev.ez.no>

    * admin/useredit.php: Code commented out by accident works...

    * admin/useredit.php: Additional groups are allowed again


Module : ezuser
Repository path : /home/cvsroot/projects/php/ezuser
Maintainer(s) : bf@ez.no
2001-10-05  Baard Farstad  <bf@ez.no>

    * admin/useredit.php: Permission fix.


Module : ezuser
Repository path : /home/cvsroot/projects/php/ezuser
Maintainer(s) : bf@ez.no
2001-10-06  Baard Farstad  <bf@ez.no>

    * sql/mysql/ezuser.sql: Updated indeces.


Module : ezuser
Repository path : /home/cvsroot/projects/php/ezuser
Maintainer(s) : bf@ez.no
2001-10-08  Baard Farstad  <bf@ez.no>

    * classes/ezuser.php
      user/templates/standard/userwithaddress.tpl
      user/userwithaddress.php:
    Fixed not changing id when editing a user address.

2001-10-08  Jo Henrik Endrerud  <jhe@ez.no>

    * classes/ezusergroup.php: fixed small sql bug in users()

2001-10-08  fh  <fh@zev.ez.no>

    * user/intl/de_DE/userwithaddress.php.ini: Typos


Module : ezuser
Repository path : /home/cvsroot/projects/php/ezuser
Maintainer(s) : bf@ez.no
2001-10-09  Baard Farstad  <bf@ez.no>

    * admin/templates/standard/userlist.tpl
      admin/userlist.php
      classes/ezuser.php: Fixed showing several users.


Module : ezuser
Repository path : /home/cvsroot/projects/php/ezuser
Maintainer(s) : bf@ez.no
2001-10-10  Baard Farstad  <bf@ez.no>

    * sql/Attic/ezuser.sql: Removed obsolete file.


Module : ezuser
Repository path : /home/cvsroot/projects/php/ezuser
Maintainer(s) : bf@ez.no
2001-10-11  Christoffer Elo  <ce@ez.no>

    * classes/ezuser.php: Added copy of address on eztrade

2001-10-11  Jo Henrik Endrerud  <jhe@ez.no>

    * sql/mysql/ezuser.sql
      sql/postgresql/ezuser.sql: updated sql scheemes, ready for release

2001-10-11  Christoffer Elo  <ce@ez.no>

    * classes/ezuser.php:
    If mainaddress id == 0, then return false insted of a empty object.


Module : ezuser
Repository path : /home/cvsroot/projects/php/ezuser
Maintainer(s) : bf@ez.no
2001-10-15  fh  <fh@zev.ez.no>

    * user/userbox.php:
    Don't redirect to the "forgot password" screen on login. This leads to
    strange things...

2001-10-15  Christoffer Elo  <ce@ez.no>

    * sql/postgresql/ezuser.sql: Fixed postgres bugs.


Module : ezuser
Repository path : /home/cvsroot/projects/php/ezuser
Maintainer(s) : bf@ez.no
2001-10-16  fh  <fh@zev.ez.no>

    * classes/ezmodule.php:
    eZModule::exists returned ezuser object instead of ezmodule object...Hm...

    * classes/ezmodule.php: Fixed old database crap.

2001-10-16  Baard Farstad  <bf@ez.no>

    * classes/ezuser.php: Fixed clearing of cookie.

2001-10-16  Christoffer Elo  <ce@ez.no>

    * classes/ezobjectpermission.php
      sql/postgresql/ezuser.sql: Fixed postgres bugs

2001-10-16  Gunnstein Lye  <gl@ez.no>

    * admin/intl/de_DE/authorlist.php.ini
      admin/intl/de_DE/groupedit.php.ini
      admin/intl/de_DE/menubox.php.ini
      admin/intl/de_DE/useredit.php.ini
      user/intl/de_DE/forgot.php.ini
      user/intl/de_DE/forgotmessage.php.ini
      user/intl/de_DE/missingemailmessage.php.ini
      user/intl/de_DE/userwithaddress.php.ini: updated de_DE for 2.2 beta2


Module : ezuser
Repository path : /home/cvsroot/projects/php/ezuser
Maintainer(s) : bf@ez.no
2001-10-17  Christoffer Elo  <ce@ez.no>

    * sql/mysql/ezuser.sql
      sql/postgresql/ezuser.sql: Fixed SQL bugs
    Fixed a percent bug in cart

    * sql/mysql/ezuser.sql: Added a tabler

    * user/userwithaddress.php: Fixed a redirect


Module : ezuser
Repository path : /home/cvsroot/projects/php/ezuser
Maintainer(s) : bf@ez.no
2001-10-19  Gunnstein Lye  <gl@ez.no>

    * admin/intl/no_NO/menubox.php.ini
      user/intl/no_NO/addressedit.php.ini
      user/intl/no_NO/forgot.php.ini
      user/intl/no_NO/forgotmessage.php.ini
      user/intl/no_NO/useredit.php.ini
      user/intl/no_NO/userwithaddress.php.ini: updated no_NO

    * admin/intl/en_GB/groupedit.php.ini
      admin/intl/en_GB/userlist.php.ini
      admin/intl/en_GB/welcome.php.ini: newline

    * user/intl/no_NO/userbox.php.ini
      user/intl/no_NO/useredit.php.ini
      user/intl/no_NO/userwithaddress.php.ini
      admin/intl/no_NO/authorlist.php.ini
      admin/intl/no_NO/grouplist.php.ini
      admin/intl/no_NO/menubox.php.ini
      admin/intl/no_NO/welcome.php.ini
      user/intl/no_NO/addressedit.php.ini
      user/intl/no_NO/forgot.php.ini
      user/intl/no_NO/forgotmessage.php.ini: updated no_NO

