Wed Sep  5 15:28:49 CEST 2001 - Creating module ezform, module category php

Module : ezform
Repository path : /home/cvsroot/projects/php/ezform
Maintainer(s) : pkej@ez.no

Module : ezform
Repository path : /home/cvsroot/projects/php/ezform
Maintainer(s) : pkej@ez.no

Module : ezform
Repository path : /home/cvsroot/projects/php/ezform
Maintainer(s) : pkej@ez.no

Module : ezform
Repository path : /home/cvsroot/projects/php/ezform
Maintainer(s) : pkej@ez.no
2001-09-06  th  <th@zev.ez.no>

    * admin/templates/standard/formrenderer.tpl
      user/templates/standard/formview.tpl: Layout

2001-09-06  br  <br@zev.ez.no>

    * user/intl/no_NO/errors.php.ini
      user/intl/no_NO/form.php.ini: Added translation.


Module : ezform
Repository path : /home/cvsroot/projects/php/ezform
Maintainer(s) : pkej@ez.no
2001-09-07  Thomas Hellstroem  <th@ez.no>

    * admin/intl/no_NO/form.php.ini
      admin/templates/standard/formrenderer.tpl: Layout


Module : ezform
Repository path : /home/cvsroot/projects/php/ezform
Maintainer(s) : pkej@ez.no
2001-09-24  Paul Kenneth Egell-Johnsen  <pkej@ez.no>

    * classes/ezformrenderer.php:
    This fixes the problem of missing the element names in front of the form
    elements.


Module : ezform
Repository path : /home/cvsroot/projects/php/ezform
Maintainer(s) : pkej@ez.no
2001-10-01  Paul Kenneth Egell-Johnsen  <pkej@ez.no>

    * classes/ezformrenderer.php:
    Added cc of the form to the writer of the form.

    * classes/ezformrenderer.php:
    Added the URL of the page with the form to the e-mail. Thus, if the same
    form is used several places the urls will help decide where the form was
    sent from.

    * classes/ezform.php
      classes/ezformrenderer.php:
    A bug in the sendForm() function where the form element names were printed
    at the top of the e-mail and not in front of the data of each element.


Module : ezform
Repository path : /home/cvsroot/projects/php/ezform
Maintainer(s) : pkej@ez.no
2001-10-04  Thomas Hellstroem  <th@ez.no>

    * admin/intl/en_GB/form.php.ini
      user/intl/en_GB/form.php.ini: Added design


Module : ezform
Repository path : /home/cvsroot/projects/php/ezform
Maintainer(s) : pkej@ez.no
2001-10-09  Baard Farstad  <bf@ez.no>

    * classes/ezformrenderer.php: Fixed setvar bug.

2001-10-09  Christoffer Elo  <ce@ez.no>

    * admin/intl/no_NO/fixedvalues.php.ini
      admin/intl/no_NO/form.php.ini: Added norwegian language

2001-10-09  Baard Farstad  <bf@ez.no>

    * classes/ezformrenderer.php: Removed debug.

2001-10-09  Christoffer Elo  <ce@ez.no>

    * admin/templates/standard/formrenderer.tpl: Fixed a bug

2001-10-09  Baard Farstad  <bf@ez.no>

    * admin/templates/standard/formrenderer.tpl: FIxed template crash.

2001-10-09  Christoffer Elo  <ce@ez.no>

    * admin/formedit.php
      admin/intl/en_GB/form.php.ini
      admin/templates/standard/formedit.tpl
      admin/templates/standard/formrenderer.tpl
      classes/ezformrenderer.php: addded radiobox and checkbox

2001-10-09  Baard Farstad  <bf@ez.no>

    * classes/ezformrenderer.php: Fixed mail sending with single items.

    * admin/templates/standard/formrenderer.tpl
      classes/ezformrenderer.php: Fixed rendering multiple selects in mail.

    * admin/formedit.php
      admin/templates/standard/formrenderer.tpl
      classes/ezformrenderer.php:
    Added multiple select and dropdown rendering.

2001-10-09  Christoffer Elo  <ce@ez.no>

    * admin/templates/standard/formedit.tpl: Fixed a html bug

    * admin/formedit.php: Added fixedvalues to dropdown item

    * admin/fixedvalues.php
      classes/Attic/ezformelementfixedvalues.php
      classes/ezformelement.php
      classes/ezformelementfixedvalue.php: fixed a name bug

    * sql/mysql/ezform.sql
      sql/postgresql/ezform.sql: Fixed SQL schemas

    * admin/datasupplier.php
      admin/fixedvalues.php
      admin/formedit.php
      admin/intl/en_GB/fixedvalues.php.ini
      admin/intl/en_GB/form.php.ini
      admin/templates/standard/fixedvalues.tpl
      admin/templates/standard/formedit.tpl
      classes/Attic/ezformelementfixedvalues.php
      classes/ezformelement.php
      classes/ezformelementtype.php: Added fixed values in form

