Wed Sep  5 15:28:45 CEST 2001 - Creating module ezquiz, module category php

Module : ezquiz
Repository path : /home/cvsroot/projects/php/ezquiz
Maintainer(s) : pkej@ez.no

Module : ezquiz
Repository path : /home/cvsroot/projects/php/ezquiz
Maintainer(s) : pkej@ez.no

Module : ezquiz
Repository path : /home/cvsroot/projects/php/ezquiz
Maintainer(s) : pkej@ez.no

Module : ezquiz
Repository path : /home/cvsroot/projects/php/ezquiz
Maintainer(s) : pkej@ez.no
2001-10-11  Jo Henrik Endrerud  <jhe@ez.no>

    * sql/mysql/ezquiz.sql
      sql/postgresql/ezquiz.sql: updated sql scheemes, ready for release


Module : ezquiz
Repository path : /home/cvsroot/projects/php/ezquiz
Maintainer(s) : pkej@ez.no
2001-10-15  fh  <fh@zev.ez.no>

    * user/quizplay.php: Fix language bug.

2001-10-15  Christoffer Elo  <ce@ez.no>

    * sql/postgresql/ezquiz.sql: Fixed postgres bugs.

