Wed Sep  5 15:28:00 CEST 2001 - Creating module classes, module category php

Module : classes
Repository path : /home/cvsroot/projects/php/classes
Maintainer(s) : bf@ez.no
2001-09-04  Baard Farstad  <bf@ez.no>

    * ezquery.php: Added Stop Word check.


Module : classes
Repository path : /home/cvsroot/projects/php/classes
Maintainer(s) : bf@ez.no
2001-09-04  Baard Farstad  <bf@ez.no>

    * ezquery.php: Added Stop Word check.


Module : classes
Repository path : /home/cvsroot/projects/php/classes
Maintainer(s) : bf@ez.no

Module : classes
Repository path : /home/cvsroot/projects/php/classes
Maintainer(s) : bf@ez.no
2001-09-10  Christofer Elo  <ce@ez.no>

    * INIFile.php: fic


Module : classes
Repository path : /home/cvsroot/projects/php/classes
Maintainer(s) : bf@ez.no
2001-09-13  Bjoern Reiten  <br@ez.no>

    * ezlist.php: added support for larger than 1000 items.

2001-09-13  Gunnstein Lye  <gl@ez.no>

    * locale/nl_NL.ini: updated nl_NL

