Wed Sep  5 15:29:32 CEST 2001 - Creating module ezforum, module category php

Module : ezforum
Repository path : /home/cvsroot/projects/php/ezforum
Maintainer(s) : jhe@ez.no

Module : ezforum
Repository path : /home/cvsroot/projects/php/ezforum
Maintainer(s) : jhe@ez.no

Module : ezforum
Repository path : /home/cvsroot/projects/php/ezforum
Maintainer(s) : jhe@ez.no

Module : ezforum
Repository path : /home/cvsroot/projects/php/ezforum
Maintainer(s) : jhe@ez.no
2001-09-06  th  <th@zev.ez.no>

    * user/intl/en_GB/messagelist.php.ini
      user/intl/no_NO/messagelist.php.ini
      user/templates/standard/messagelist.tpl: Layout


Module : ezforum
Repository path : /home/cvsroot/projects/php/ezforum
Maintainer(s) : jhe@ez.no
2001-09-07  fh  <fh@zev.ez.no>

    * classes/ezforum.php:
    Search works again. Added missing $query->setPartialCompare( true ); SHAME on the person who changed it (not in the logs,
    change probably to use eZQuery) without testing it afterwords.

2001-09-07  Thomas Hellstroem  <th@ez.no>

    * user/templates/gruk/messagesimplelist.tpl
      user/templates/gruk/userlogin.tpl
      user/templates/gruk/categorylist.tpl
      user/templates/gruk/categorymenu.tpl
      user/templates/gruk/forumlist.tpl
      user/templates/gruk/latestmessages.tpl
      user/templates/gruk/mailreply.tpl
      user/templates/gruk/menubox.tpl
      user/templates/gruk/message.tpl
      user/templates/gruk/messagebody.tpl
      user/templates/gruk/messagedelete.tpl
      user/templates/gruk/messageedit.tpl
      user/templates/gruk/messageerror.tpl
      user/templates/gruk/messageform.tpl
      user/templates/gruk/messagehiddenform.tpl
      user/templates/gruk/messagelist.tpl
      user/templates/gruk/messagepath.tpl
      user/templates/gruk/messagepost.tpl
      user/templates/gruk/messageposted.tpl
      user/templates/gruk/messagepreview.tpl
      user/templates/gruk/messagereply.tpl
      user/templates/gruk/search.tpl: Layout

2001-09-07  Gunnstein Lye  <gl@ez.no>

    * user/intl/id_ID/messageedit.php.ini
      user/intl/id_ID/messagepost.php.ini
      user/intl/id_ID/messagereply.php.ini
      user/intl/id_ID/messagesimpleedit.php.ini
      user/intl/id_ID/messagesimplereply.php.ini: added id_ID


Module : ezforum
Repository path : /home/cvsroot/projects/php/ezforum
Maintainer(s) : jhe@ez.no
2001-09-10  Jo Henrik Endrerud  <jhe@ez.no>

    * user/search.php: fixed strange code


Module : ezforum
Repository path : /home/cvsroot/projects/php/ezforum
Maintainer(s) : jhe@ez.no
2001-09-11  Thomas Hellstroem  <th@ez.no>

    * user/templates/linmag/message.tpl
      user/templates/linmag/messageform.tpl
      user/templates/linmag/messagelist.tpl: Layout

2001-09-11  Bjoern Reiten  <br@ez.no>

    * user/intl/no_NO/messagelist.php.ini: translation for show.


Module : ezforum
Repository path : /home/cvsroot/projects/php/ezforum
Maintainer(s) : jhe@ez.no
2001-09-13  Gunnstein Lye  <gl@ez.no>

    * user/intl/nl_NL/message.php.ini: updated nl_NL


Module : ezforum
Repository path : /home/cvsroot/projects/php/ezforum
Maintainer(s) : jhe@ez.no
2001-09-14  Jo Henrik Endrerud  <jhe@ez.no>

    * classes/ezforummessage.php: latest messages now contains replies


Module : ezforum
Repository path : /home/cvsroot/projects/php/ezforum
Maintainer(s) : jhe@ez.no
2001-09-17  Jo Henrik Endrerud  <jhe@ez.no>

    * classes/ezforum.php
      user/messagelist.php: fixed bug when counting messages

    * user/templates/standard/message.tpl: fixed bug once more :P

    * user/templates/standard/message.tpl:
    fixed indenting in message thread in message view

    * user/templates/standard/message.tpl
      user/message.php:
    fixed bug printing author for anonynous users in message thread in message view

    * user/templates/standard/messagelist.tpl:
    fixed bug when showing indenting on replies


Module : ezforum
Repository path : /home/cvsroot/projects/php/ezforum
Maintainer(s) : jhe@ez.no
2001-09-20  Gunnstein Lye  <gl@ez.no>

    * admin/intl/fr_FR/categoryedit.php.ini
      admin/intl/fr_FR/categorylist.php.ini
      admin/intl/fr_FR/forumedit.php.ini
      admin/intl/fr_FR/forumlist.php.ini
      admin/intl/fr_FR/mailreject.php.ini
      admin/intl/fr_FR/menubox.php.ini
      admin/intl/fr_FR/message.php.ini
      admin/intl/fr_FR/messageedit.php.ini
      admin/intl/fr_FR/messagelist.php.ini
      admin/intl/fr_FR/noright.php.ini
      admin/intl/fr_FR/search.php.ini
      admin/intl/fr_FR/unapprovedlist.php.ini
      user/intl/fr_FR/categorylist.php.ini
      user/intl/fr_FR/forumlist.php.ini
      user/intl/fr_FR/mailreply.php.ini
      user/intl/fr_FR/menubox.php.ini
      user/intl/fr_FR/message.php.ini
      user/intl/fr_FR/messagelist.php.ini
      user/intl/fr_FR/messagesimplelist.php.ini
      user/intl/fr_FR/search.php.ini
      user/intl/fr_FR/userlogin.php.ini: updated fr_FR

2001-09-20  Jo Henrik Endrerud  <jhe@ez.no>

    * classes/ezforum.php
      user/forumlist.php
      user/latestmessages.php
      user/messagelist.php
      user/messagesimplelist.php
      user/search.php: fixed serious bug with searching

    * admin/intl/no_NO/forumedit.php.ini
      user/intl/no_NO/Attic/forumsimplelist.php.ini
      user/intl/no_NO/Attic/messagelistflat.php.ini
      user/intl/no_NO/Attic/messagereply.php.ini:
    fixed no_NO translation for eZcalendar, eZcontact, eZfilemanager and eZforum


Module : ezforum
Repository path : /home/cvsroot/projects/php/ezforum
Maintainer(s) : jhe@ez.no
2001-09-21  Jo Henrik Endrerud  <jhe@ez.no>

    * user/messagereply.php
      admin/unapprovededit.php
      classes/ezforummessage.php
      user/message.php
      user/messageedit.php
      user/messageform.php: fixed bugs in ezforum
    changed ezuser::groups (see crew@lists.ez.no)

2001-09-21  Baard Farstad  <bf@ez.no>

    * classes/ezforumcategory.php
      user/forumlist.php
      user/message.php
      user/messagelist.php: Added section support in eZ forum.

2001-09-21  Jo Henrik Endrerud  <jhe@ez.no>

    * admin/categorylist.php
      admin/unapprovededit.php
      classes/ezforumcategory.php: fixed bug

    * admin/categoryedit.php
      admin/intl/en_GB/categoryedit.php.ini
      admin/intl/no_NO/categoryedit.php.ini
      admin/templates/standard/categoryedit.tpl
      classes/ezforumcategory.php
      sql/mysql/ezforum.sql: added section in categories

    * classes/ezforummessage.php
      user/datasupplier.php
      user/intl/en_GB/message.php.ini
      user/intl/no_NO/message.php.ini
      user/message.php
      user/messageedit.php
      user/messagesimplelist.php
      user/templates/standard/message.tpl: more internationalization


Module : ezforum
Repository path : /home/cvsroot/projects/php/ezforum
Maintainer(s) : jhe@ez.no
2001-09-24  Jo Henrik Endrerud  <jhe@ez.no>

    * admin/forumedit.php
      admin/forumlist.php
      admin/messageedit.php
      admin/unapprovededit.php
      classes/ezforumcategory.php
      user/categorylist.php: fixed small bugs with <?php code

    * admin/message.php
      admin/messagelist.php: fixed bug with <> tags in forum message

    * admin/datasupplier.php
      admin/forumedit.php
      admin/message.php
      admin/messageedit.php
      admin/messagelist.php
      admin/search.php
      classes/ezforumcategory.php
      classes/ezforummessage.php
      user/forumlist.php
      user/message.php
      user/messagebody.php
      user/messageedit.php
      user/messageform.php
      user/messagepath.php
      user/messagepermissions.php
      user/messagereply.php
      user/messagesearch.php
      user/userlogin.php:
    fixed problems with special characters, html-content and php-content


Module : ezforum
Repository path : /home/cvsroot/projects/php/ezforum
Maintainer(s) : jhe@ez.no
2001-09-25  Baard Farstad  <bf@ez.no>

    * classes/ezforum.php
      user/search.php: Added fulltext search in forum.

    * classes/ezforummessage.php: Added fulltext word indexing on forum.

2001-09-25  Jo Henrik Endrerud  <jhe@ez.no>

    * classes/ezforum.php
      user/intl/no_NO/search.php.ini
      user/search.php
      user/templates/standard/search.tpl: fixed searching in forum

    * sql/mysql/ezforum.sql
      sql/postgresql/ezforum.sql: updated sql schemas


Module : ezforum
Repository path : /home/cvsroot/projects/php/ezforum
Maintainer(s) : jhe@ez.no
2001-09-26  Thomas Hellstroem  <th@ez.no>

    * user/intl/en_GB/messagelist.php.ini
      user/messagelist.php: Layout

2001-09-26  Christofer Elo  <ce@ez.no>

    * user/messagelist.php: fizx


Module : ezforum
Repository path : /home/cvsroot/projects/php/ezforum
Maintainer(s) : jhe@ez.no
2001-09-27  Baard Farstad  <bf@ez.no>

    * user/search.php: FIxed count bug.

    * sql/mysql/ezforum.sql: SQL fix.

2001-09-27  Jo Henrik Endrerud  <jhe@ez.no>

    * classes/ezforum.php: fixed small bugs

    * admin/forumedit.php
      admin/messageedit.php
      admin/search.php: small code fixes


Module : ezforum
Repository path : /home/cvsroot/projects/php/ezforum
Maintainer(s) : jhe@ez.no
2001-09-28  Jo Henrik Endrerud  <jhe@ez.no>

    * user/latestmessages.php:
    fixed template bug if we have no messages in any forums

    * classes/ezforum.php
      user/templates/standard/message.tpl
      user/templates/standard/messagelist.tpl
      user/templates/standard/search.tpl: small fixes in search


Module : ezforum
Repository path : /home/cvsroot/projects/php/ezforum
Maintainer(s) : jhe@ez.no
2001-09-30  Baard Farstad  <bf@ez.no>

    * user/intl/en_GB/menuforumlist.php.ini
      user/menuforumlist.php: Menu forum list.


Module : ezforum
Repository path : /home/cvsroot/projects/php/ezforum
Maintainer(s) : jhe@ez.no
2001-10-01  Bjoern Reiten  <br@ez.no>

    * user/searchsupplier.php: fixed search.

2001-10-01  Gunnstein Lye  <gl@ez.no>

    * admin/intl/he_IL/categoryedit.php.ini
      admin/intl/he_IL/categorylist.php.ini
      admin/intl/he_IL/forumedit.php.ini
      admin/intl/he_IL/forumlist.php.ini
      admin/intl/he_IL/mailreject.php.ini
      admin/intl/he_IL/menubox.php.ini
      admin/intl/he_IL/message.php.ini
      admin/intl/he_IL/messageedit.php.ini
      admin/intl/he_IL/messagelist.php.ini
      admin/intl/he_IL/noright.php.ini
      admin/intl/he_IL/search.php.ini
      admin/intl/he_IL/unapprovedlist.php.ini
      user/intl/he_IL/categorylist.php.ini
      user/intl/he_IL/forumlist.php.ini
      user/intl/he_IL/mailreply.php.ini
      user/intl/he_IL/menubox.php.ini
      user/intl/he_IL/message.php.ini
      user/intl/he_IL/messagelist.php.ini
      user/intl/he_IL/messagesimplelist.php.ini
      user/intl/he_IL/search.php.ini
      user/intl/he_IL/userlogin.php.ini: Added he_IL (Hebrew) translation


Module : ezforum
Repository path : /home/cvsroot/projects/php/ezforum
Maintainer(s) : jhe@ez.no
2001-10-04  Baard Farstad  <bf@ez.no>

    * user/messagelist.php: Fixed bug with overwriting the currentuser.


Module : ezforum
Repository path : /home/cvsroot/projects/php/ezforum
Maintainer(s) : jhe@ez.no
2001-10-08  Baard Farstad  <bf@ez.no>

    * sql/mysql/ezforum.sql: Fixed sql-

2001-10-08  Jo Henrik Endrerud  <jhe@ez.no>

    * user/message.php
      user/messagelist.php
      user/messagereply.php: fixed security bug (user variable)

2001-10-08  Baard Farstad  <bf@ez.no>

    * sql/mysql/ezforum.sql: Added indeces.


Module : ezforum
Repository path : /home/cvsroot/projects/php/ezforum
Maintainer(s) : jhe@ez.no
2001-10-09  Jo Henrik Endrerud  <jhe@ez.no>

    * classes/ezforum.php
      user/searchsupplier.php: fixed new standard for searching


Module : ezforum
Repository path : /home/cvsroot/projects/php/ezforum
Maintainer(s) : jhe@ez.no
2001-10-10  Jo Henrik Endrerud  <jhe@ez.no>

    * user/messagelistflat.php
      user/search.php
      admin/editmessage.php
      admin/forumedit.php
      admin/message.php
      admin/messageedit.php
      admin/messagelist.php
      admin/search.php
      admin/unapprovededit.php
      admin/unapprovedlist.php: fixed security bug with $user

2001-10-10  Baard Farstad  <bf@ez.no>

    * user/message.php: Fixed spelling error.

    * user/searchsupplier.php: Count fix.


Module : ezforum
Repository path : /home/cvsroot/projects/php/ezforum
Maintainer(s) : jhe@ez.no
2001-10-11  Jo Henrik Endrerud  <jhe@ez.no>

    * admin/message.php
      admin/messageedit.php
      admin/messagelist.php
      classes/ezforum.php: fixed several bugs in edmin

    * sql/Attic/ezforum.sql
      sql/informix/ezforum.sql
      user/forumlist.php
      user/messagepermissions.php: updated sql scheemes, ready for release

2001-10-11  Christoffer Elo  <ce@ez.no>

    * user/messagelist.php: fixed a bug

    * user/messagelist.php: fix

    * user/intl/en_GB/messagelist.php.ini
      user/messagelist.php
      user/templates/standard/messagelist.tpl: Added no access

    * user/messagelist.php: Fixed a bug

    * user/intl/en_GB/noaccess.php.ini
      user/messagelist.php
      user/templates/standard/noaccess.tpl: Added no access page.

2001-10-11  Jo Henrik Endrerud  <jhe@ez.no>

    * sql/mysql/ezforum.sql
      sql/postgresql/ezforum.sql: updated sql scheemas, ready for release

