Wed Sep  5 15:29:47 CEST 2001 - Creating module ezlink, module category php

Module : ezlink
Repository path : /home/cvsroot/projects/php/ezlink
Maintainer(s) : br@ez.no

Module : ezlink
Repository path : /home/cvsroot/projects/php/ezlink
Maintainer(s) : br@ez.no

Module : ezlink
Repository path : /home/cvsroot/projects/php/ezlink
Maintainer(s) : br@ez.no

Module : ezlink
Repository path : /home/cvsroot/projects/php/ezlink
Maintainer(s) : br@ez.no
2001-09-06  kaid  <kaid@zev.ez.no>

    * user/templates/standard/onepagelinklist.tpl: fixed missing nVH tags

2001-09-06  br  <br@zev.ez.no>

    * classes/ezlink.php: removed function getlatestlink

    * user/templates/linmag/linkcategorylist.tpl: Fixed link.

2001-09-06  kaid  <kaid@zev.ez.no>

    * user/templates/standard/onepagelinklist.tpl: fixed missing VH-less tags

