Wed Sep  5 15:28:11 CEST 2001 - Creating module ezmodule, module category php

Module : ezmodule
Repository path : /home/cvsroot/projects/php/ezmodule
Maintainer(s) : bf@ez.no

Module : ezmodule
Repository path : /home/cvsroot/projects/php/ezmodule
Maintainer(s) : bf@ez.no

Module : ezmodule
Repository path : /home/cvsroot/projects/php/ezmodule
Maintainer(s) : bf@ez.no

Module : ezmodule
Repository path : /home/cvsroot/projects/php/ezmodule
Maintainer(s) : bf@ez.no
2001-10-11  Jo Henrik Endrerud  <jhe@ez.no>

    * sql/postgresql/ezmodule.sql: updated sql scheemes, ready for release


Module : ezmodule
Repository path : /home/cvsroot/projects/php/ezmodule
Maintainer(s) : bf@ez.no
2003-04-09  Jo Henrik Endrerud  <jhe@ez.no>

    * classes/ezmodulehandler.php: speed improvement for 2.2.8

