Wed Sep  5 15:30:36 CEST 2001 - Creating module ezbug, module category php

Module : ezbug
Repository path : /home/cvsroot/projects/php/ezbug
Maintainer(s) : vl@ez.no

Module : ezbug
Repository path : /home/cvsroot/projects/php/ezbug
Maintainer(s) : vl@ez.no

Module : ezbug
Repository path : /home/cvsroot/projects/php/ezbug
Maintainer(s) : vl@ez.no

Module : ezbug
Repository path : /home/cvsroot/projects/php/ezbug
Maintainer(s) : vl@ez.no
2001-09-07  fh  <fh@zev.ez.no>

    * admin/bugedit.php:
    Fixed anyoing bug that caused screenshots with empty captions to be unviewable


Module : ezbug
Repository path : /home/cvsroot/projects/php/ezbug
Maintainer(s) : vl@ez.no
2001-09-20  Gunnstein Lye  <gl@ez.no>

    * admin/intl/fr_FR/bugedit.php.ini
      admin/intl/fr_FR/buglist.php.ini
      admin/intl/fr_FR/bugpreview.php.ini
      admin/intl/fr_FR/categorylist.php.ini
      admin/intl/fr_FR/mailgotbug.php.ini
      admin/intl/fr_FR/mailreply.php.ini
      admin/intl/fr_FR/menubox.php.ini
      admin/intl/fr_FR/moduleedit.php.ini
      admin/intl/fr_FR/modulelist.php.ini
      admin/intl/fr_FR/prioritylist.php.ini
      admin/intl/fr_FR/search.php.ini
      admin/intl/fr_FR/statuslist.php.ini
      admin/intl/fr_FR/unhandledbugs.php.ini
      user/intl/fr_FR/buglist.php.ini
      user/intl/fr_FR/bugreport.php.ini
      user/intl/fr_FR/bugview.php.ini
      user/intl/fr_FR/fileedit.php.ini
      user/intl/fr_FR/imageedit.php.ini
      user/intl/fr_FR/mailnewbug.php.ini
      user/intl/fr_FR/menubox.php.ini
      user/intl/fr_FR/search.php.ini
      user/intl/fr_FR/unhandledbugs.php.ini: updated fr_FR


Module : ezbug
Repository path : /home/cvsroot/projects/php/ezbug
Maintainer(s) : vl@ez.no
2001-09-27  Christoffer Elo  <ce@ez.no>

    * sql/mysql/ezbug.sql
      sql/postgresql/ezbug.sql: Added missing SQL tables/fields.


Module : ezbug
Repository path : /home/cvsroot/projects/php/ezbug
Maintainer(s) : vl@ez.no
2001-09-28  Vidar Langseid  <vl@ez.no>

    * sql/mysql/ezbug.sql
      sql/postgresql/ezbug.sql:
    Removed auto_increment statement from eZBug_ModulePermission


Module : ezbug
Repository path : /home/cvsroot/projects/php/ezbug
Maintainer(s) : vl@ez.no
2001-09-29  Kai Duebbert  <kai@duebbert.de>

    * admin/bugedit.php
      user/bugreport.php
      user/bugview.php:
    $index and $wwwDir go to $GlobalSiteIni->Index and $GlobalSiteIni->WWWDir. Fixes namespace problems.


Module : ezbug
Repository path : /home/cvsroot/projects/php/ezbug
Maintainer(s) : vl@ez.no
2001-09-30  Baard Farstad  <bf@ez.no>

    * user/intl/en_GB/menumodulelist.php.ini
      user/menumodulelist.php: New menu module list.


Module : ezbug
Repository path : /home/cvsroot/projects/php/ezbug
Maintainer(s) : vl@ez.no
2001-10-01  Gunnstein Lye  <gl@ez.no>

    * admin/intl/he_IL/bugedit.php.ini
      admin/intl/he_IL/buglist.php.ini
      admin/intl/he_IL/bugpreview.php.ini
      admin/intl/he_IL/categorylist.php.ini
      admin/intl/he_IL/mailgotbug.php.ini
      admin/intl/he_IL/mailreply.php.ini
      admin/intl/he_IL/menubox.php.ini
      admin/intl/he_IL/moduleedit.php.ini
      admin/intl/he_IL/modulelist.php.ini
      admin/intl/he_IL/prioritylist.php.ini
      admin/intl/he_IL/search.php.ini
      admin/intl/he_IL/statuslist.php.ini
      admin/intl/he_IL/unhandledbugs.php.ini
      user/intl/he_IL/buglist.php.ini
      user/intl/he_IL/bugreport.php.ini
      user/intl/he_IL/bugview.php.ini
      user/intl/he_IL/fileedit.php.ini
      user/intl/he_IL/imageedit.php.ini
      user/intl/he_IL/mailnewbug.php.ini
      user/intl/he_IL/menubox.php.ini
      user/intl/he_IL/reportsuccess.php.ini
      user/intl/he_IL/search.php.ini
      user/intl/he_IL/unhandledbugs.php.ini: Added he_IL (Hebrew) translation


Module : ezbug
Repository path : /home/cvsroot/projects/php/ezbug
Maintainer(s) : vl@ez.no
2001-10-08  fh  <fh@zev.ez.no>

    * classes/ezbugmodule.php
      user/unhandledbugs.php:
    Fixed bool->int bug. ('false' and 'true' don't exist anymore.

